[0mCompiling "target/cljsbuild/public/js/app.js" from ["src/cljs" "src/cljc" "env/dev/cljs"]...[0m
[36m----  Compiler Warning on   src/cljs/string_manipulator/core.cljs   line:52  column:47  ----[0m

  [1mUse of undeclared Var string-manipulator.core/page[0m

  [36m48[0m  [36m                                                :response-format :json[0m
  [36m49[0m  [36m                                                :keywords? true[0m
  [36m50[0m  [36m                                                :handler show-output[0m
  [36m51[0m  [36m                                                :error-handler error-output})))} "done"][0m
  [33m52[0m  [1m                       [:p {:on-click #(swap! page assoc :page :update)} "update"]]))])[0m
  [0m  [0m  [33m                                              ^--- Use of undeclared Var string-manipulator.core/page[0m
  [36m53[0m  [36m[0m
  [36m54[0m  [36m(def user (atom "rated"))[0m
  [36m55[0m  [36m[0m
  [36m56[0m  [36m(defn home-page [][0m
  [36m57[0m  [36m  [:div[0m

[36m----  Compiler Warning : Please see src/cljs/string_manipulator/core.cljs  ----[0m
[36m----  Compiler Warning on   src/cljs/string_manipulator/core.cljs   line:52  column:47  ----[0m

  [1mUse of undeclared Var string-manipulator.core/page[0m

  [36m48[0m  [36m                                                :response-format :json[0m
  [36m49[0m  [36m                                                :keywords? true[0m
  [36m50[0m  [36m                                                :handler show-output[0m
  [36m51[0m  [36m                                                :error-handler error-output})))} "done"][0m
  [33m52[0m  [1m                       [:p {:on-click #(swap! page assoc :page :update)} "update"]]))])[0m
  [0m  [0m  [33m                                              ^--- Use of undeclared Var string-manipulator.core/page[0m
  [36m53[0m  [36m[0m
  [36m54[0m  [36m(def user (atom "rated"))[0m
  [36m55[0m  [36m[0m
  [36m56[0m  [36m(defn home-page [][0m
  [36m57[0m  [36m  [:div[0m

[36m----  Compiler Warning : Please see src/cljs/string_manipulator/core.cljs  ----[0m
[36m----  Compiler Warning on   src/cljs/string_manipulator/core.cljs   line:54  column:1  ----[0m

  [1muser at line 19 is being replaced[0m

  [36m50[0m  [36m                                                :handler show-output[0m
  [36m51[0m  [36m                                                :error-handler error-output})))} "done"][0m
  [36m52[0m  [36m                       [:p {:on-click #(swap! page assoc :page :update)} "update"]]))])[0m
  [36m53[0m  [36m[0m
  [33m54[0m  [1m(def user (atom "rated"))[0m
  [0m  [0m  [33m^--- user at line 19 is being replaced[0m
  [36m55[0m  [36m[0m
  [36m56[0m  [36m(defn home-page [][0m
  [36m57[0m  [36m  [:div[0m
  [36m58[0m  [36m   [:h2 "Please enter the task"][0m
  [36m59[0m  [36m   [:form {:action "#"[0m

[36m----  Compiler Warning : Please see src/cljs/string_manipulator/core.cljs  ----[0m
[36m----  Compiler Warning on   src/cljs/string_manipulator/core.cljs   line:73  column:63  ----[0m

  [1mUse of undeclared Var string-manipulator.core/page[0m

  [36m69[0m  [36m                                :handler show-output[0m
  [36m70[0m  [36m                                :error-handler error-output})))}[0m
  [36m71[0m  [36m    [:input {:type "text" :id "input-str" :placeholder "enter your task"}][0m
  [36m72[0m  [36m    [:input {:type "submit" :value "Submit"}][0m
  [33m73[0m  [1m    [:input {:type "button" :value "Logout" :on-click #(swap! page assoc :page :login )}]][0m
  [0m  [0m  [33m                                                              ^--- Use of undeclared Var string-manipulator.core/page[0m
  [36m74[0m  [36m   [:div [show-hiccup]]])[0m
  [36m75[0m  [36m[0m
  [36m76[0m  [36m[0m
  [36m77[0m  [36m(defn update-page [][0m
  [36m78[0m  [36m  [:div[0m

[36m----  Compiler Warning : Please see src/cljs/string_manipulator/core.cljs  ----[0m
[36m----  Compiler Warning on   src/cljs/string_manipulator/core.cljs   line:84  column:38  ----[0m

  [1mUse of undeclared Var string-manipulator.core/task[0m

  [36m80[0m  [36m[:form {:action "#"[0m
  [36m81[0m  [36m        :on-submit (fn [e][0m
  [36m82[0m  [36m                     (let [task-old (.-value (get-by-id "input-str1"))[0m
  [36m83[0m  [36m                           task-upd (.-value (get-by-id "input-str2"))][0m
  [33m84[0m  [1m                       (log "###" task "^^^^" @user)[0m
  [0m  [0m  [33m                                  ^--- Use of undeclared Var string-manipulator.core/task[0m
  [36m85[0m  [36m                       (GET (str server "upd-todo")[0m
  [36m86[0m  [36m                            {:params {:task-name-old task-old[0m
  [36m87[0m  [36m                                      :task-name-upd task-upd[0m
  [36m88[0m  [36m                                      :user @user}[0m
  [36m89[0m  [36m                             :format :json[0m

[36m----  Compiler Warning : Please see src/cljs/string_manipulator/core.cljs  ----[0m
[36m----  Compiler Warning on   src/cljs/string_manipulator/core.cljs   line:104  column:14  ----[0m

  [1mUse of undeclared Var string-manipulator.core/page[0m

  [36m100[0m  [36m(defn show-login [params][0m
  [36m101[0m  [36m  (log "login: " params)[0m
  [36m102[0m  [36m  (if (not= (count params) 1)[0m
  [36m103[0m  [36m    (do[0m
  [33m104[0m  [1m      (swap! page assoc :page :login)[0m
  [0m   [0m  [33m             ^--- Use of undeclared Var string-manipulator.core/page[0m
  [36m105[0m  [36m      (alert "user name or password incorrect"))[0m
  [36m106[0m  [36m    (do[0m
  [36m107[0m  [36m      (reset! user (:user (first params)))[0m
  [36m108[0m  [36m      (log @user)[0m
  [36m109[0m  [36m      (GET (str server "todos")[0m

[36m----  Compiler Warning : Please see src/cljs/string_manipulator/core.cljs  ----[0m
[36m----  Compiler Warning on   src/cljs/string_manipulator/core.cljs   line:116  column:14  ----[0m

  [1mUse of undeclared Var string-manipulator.core/page[0m

  [36m112[0m  [36m            :response-format :json[0m
  [36m113[0m  [36m            :keywords? true[0m
  [36m114[0m  [36m            :handler show-output[0m
  [36m115[0m  [36m            :error-handler error-output})[0m
  [33m116[0m  [1m      (swap! page assoc :page :todo))))[0m
  [0m   [0m  [33m             ^--- Use of undeclared Var string-manipulator.core/page[0m
  [36m117[0m  [36m[0m
  [36m118[0m  [36m(defn error-login [params][0m
  [36m119[0m  [36m  (log "*** error" params))[0m
  [36m120[0m  [36m[0m
  [36m121[0m  [36m(defn login-page [][0m

[36m----  Compiler Warning : Please see src/cljs/string_manipulator/core.cljs  ----[0m
[32mSuccessfully compiled "target/cljsbuild/public/js/app.js" in 0.907 seconds.[0m
notifying browser that file changed:  target/cljsbuild/public/js/out/goog/deps.js
notifying browser that file changed:  target/cljsbuild/public/js/out/cljs_deps.js
notifying browser that file changed:  target/cljsbuild/public/js/out/string_manipulator/core.js
[0mCompiling "target/cljsbuild/public/js/app.js" from ["src/cljs" "src/cljc" "env/dev/cljs"]...[0m
[36m----  Compiler Warning on   src/cljs/string_manipulator/core.cljs   line:52  column:47  ----[0m

  [1mUse of undeclared Var string-manipulator.core/page[0m

  [36m48[0m  [36m                                                :response-format :json[0m
  [36m49[0m  [36m                                                :keywords? true[0m
  [36m50[0m  [36m                                                :handler show-output[0m
  [36m51[0m  [36m                                                :error-handler error-output})))} "done"][0m
  [33m52[0m  [1m                       [:p {:on-click #(swap! page assoc :page :login)} "update"]]))])[0m
  [0m  [0m  [33m                                              ^--- Use of undeclared Var string-manipulator.core/page[0m
  [36m53[0m  [36m[0m
  [36m54[0m  [36m(def user (atom "rated"))[0m
  [36m55[0m  [36m[0m
  [36m56[0m  [36m(defn home-page [][0m
  [36m57[0m  [36m  [:div[0m

[36m----  Compiler Warning : Please see src/cljs/string_manipulator/core.cljs  ----[0m
[36m----  Compiler Warning on   src/cljs/string_manipulator/core.cljs   line:52  column:47  ----[0m

  [1mUse of undeclared Var string-manipulator.core/page[0m

  [36m48[0m  [36m                                                :response-format :json[0m
  [36m49[0m  [36m                                                :keywords? true[0m
  [36m50[0m  [36m                                                :handler show-output[0m
  [36m51[0m  [36m                                                :error-handler error-output})))} "done"][0m
  [33m52[0m  [1m                       [:p {:on-click #(swap! page assoc :page :login)} "update"]]))])[0m
  [0m  [0m  [33m                                              ^--- Use of undeclared Var string-manipulator.core/page[0m
  [36m53[0m  [36m[0m
  [36m54[0m  [36m(def user (atom "rated"))[0m
  [36m55[0m  [36m[0m
  [36m56[0m  [36m(defn home-page [][0m
  [36m57[0m  [36m  [:div[0m

[36m----  Compiler Warning : Please see src/cljs/string_manipulator/core.cljs  ----[0m
[36m----  Compiler Warning on   src/cljs/string_manipulator/core.cljs   line:54  column:1  ----[0m

  [1muser at line 19 is being replaced[0m

  [36m50[0m  [36m                                                :handler show-output[0m
  [36m51[0m  [36m                                                :error-handler error-output})))} "done"][0m
  [36m52[0m  [36m                       [:p {:on-click #(swap! page assoc :page :login)} "update"]]))])[0m
  [36m53[0m  [36m[0m
  [33m54[0m  [1m(def user (atom "rated"))[0m
  [0m  [0m  [33m^--- user at line 19 is being replaced[0m
  [36m55[0m  [36m[0m
  [36m56[0m  [36m(defn home-page [][0m
  [36m57[0m  [36m  [:div[0m
  [36m58[0m  [36m   [:h2 "Please enter the task"][0m
  [36m59[0m  [36m   [:form {:action "#"[0m

[36m----  Compiler Warning : Please see src/cljs/string_manipulator/core.cljs  ----[0m
[36m----  Compiler Warning on   src/cljs/string_manipulator/core.cljs   line:73  column:63  ----[0m

  [1mUse of undeclared Var string-manipulator.core/page[0m

  [36m69[0m  [36m                                :handler show-output[0m
  [36m70[0m  [36m                                :error-handler error-output})))}[0m
  [36m71[0m  [36m    [:input {:type "text" :id "input-str" :placeholder "enter your task"}][0m
  [36m72[0m  [36m    [:input {:type "submit" :value "Submit"}][0m
  [33m73[0m  [1m    [:input {:type "button" :value "Logout" :on-click #(swap! page assoc :page :login)}]][0m
  [0m  [0m  [33m                                                              ^--- Use of undeclared Var string-manipulator.core/page[0m
  [36m74[0m  [36m   [:div [show-hiccup]]])[0m
  [36m75[0m  [36m[0m
  [36m76[0m  [36m[0m
  [36m77[0m  [36m(defn update-page [][0m
  [36m78[0m  [36m  [:div[0m

[36m----  Compiler Warning : Please see src/cljs/string_manipulator/core.cljs  ----[0m
[36m----  Compiler Warning on   src/cljs/string_manipulator/core.cljs   line:84  column:38  ----[0m

  [1mUse of undeclared Var string-manipulator.core/task[0m

  [36m80[0m  [36m[:form {:action "#"[0m
  [36m81[0m  [36m        :on-submit (fn [e][0m
  [36m82[0m  [36m                     (let [task-old (.-value (get-by-id "input-str1"))[0m
  [36m83[0m  [36m                           task-upd (.-value (get-by-id "input-str2"))][0m
  [33m84[0m  [1m                       (log "###" task "^^^^" @user)[0m
  [0m  [0m  [33m                                  ^--- Use of undeclared Var string-manipulator.core/task[0m
  [36m85[0m  [36m                       (GET (str server "upd-todo")[0m
  [36m86[0m  [36m                            {:params {:task-name-old task-old[0m
  [36m87[0m  [36m                                      :task-name-upd task-upd[0m
  [36m88[0m  [36m                                      :user @user}[0m
  [36m89[0m  [36m                             :format :json[0m

[36m----  Compiler Warning : Please see src/cljs/string_manipulator/core.cljs  ----[0m
[36m----  Compiler Warning on   src/cljs/string_manipulator/core.cljs   line:104  column:14  ----[0m

  [1mUse of undeclared Var string-manipulator.core/page[0m

  [36m100[0m  [36m(defn show-login [params][0m
  [36m101[0m  [36m  (log "login: " params)[0m
  [36m102[0m  [36m  (if (not= (count params) 1)[0m
  [36m103[0m  [36m    (do[0m
  [33m104[0m  [1m      (swap! page assoc :page :login)[0m
  [0m   [0m  [33m             ^--- Use of undeclared Var string-manipulator.core/page[0m
  [36m105[0m  [36m      (alert "user name or password incorrect"))[0m
  [36m106[0m  [36m    (do[0m
  [36m107[0m  [36m      (reset! user (:user (first params)))[0m
  [36m108[0m  [36m      (log @user)[0m
  [36m109[0m  [36m      (GET (str server "todos")[0m

[36m----  Compiler Warning : Please see src/cljs/string_manipulator/core.cljs  ----[0m
[32mSuccessfully compiled "target/cljsbuild/public/js/app.js" in 0.73 seconds.[0m
notifying browser that file changed:  target/cljsbuild/public/js/out/string_manipulator/core.js
[0mCompiling "target/cljsbuild/public/js/app.js" from ["src/cljs" "src/cljc" "env/dev/cljs"]...[0m
[36m----  Compiler Warning on   src/cljs/string_manipulator/core.cljs   line:52  column:47  ----[0m

  [1mUse of undeclared Var string-manipulator.core/page[0m

  [36m48[0m  [36m                                                :response-format :json[0m
  [36m49[0m  [36m                                                :keywords? true[0m
  [36m50[0m  [36m                                                :handler show-output[0m
  [36m51[0m  [36m                                                :error-handler error-output})))} "done"][0m
  [33m52[0m  [1m                       [:p {:on-click #(swap! page assoc :page :login)} "update"]]))])[0m
  [0m  [0m  [33m                                              ^--- Use of undeclared Var string-manipulator.core/page[0m
  [36m53[0m  [36m[0m
  [36m54[0m  [36m(def user (atom "rated"))[0m
  [36m55[0m  [36m[0m
  [36m56[0m  [36m(defn home-page [][0m
  [36m57[0m  [36m  [:div[0m

[36m----  Compiler Warning : Please see src/cljs/string_manipulator/core.cljs  ----[0m
[36m----  Compiler Warning on   src/cljs/string_manipulator/core.cljs   line:52  column:47  ----[0m

  [1mUse of undeclared Var string-manipulator.core/page[0m

  [36m48[0m  [36m                                                :response-format :json[0m
  [36m49[0m  [36m                                                :keywords? true[0m
  [36m50[0m  [36m                                                :handler show-output[0m
  [36m51[0m  [36m                                                :error-handler error-output})))} "done"][0m
  [33m52[0m  [1m                       [:p {:on-click #(swap! page assoc :page :login)} "update"]]))])[0m
  [0m  [0m  [33m                                              ^--- Use of undeclared Var string-manipulator.core/page[0m
  [36m53[0m  [36m[0m
  [36m54[0m  [36m(def user (atom "rated"))[0m
  [36m55[0m  [36m[0m
  [36m56[0m  [36m(defn home-page [][0m
  [36m57[0m  [36m  [:div[0m

[36m----  Compiler Warning : Please see src/cljs/string_manipulator/core.cljs  ----[0m
[36m----  Compiler Warning on   src/cljs/string_manipulator/core.cljs   line:54  column:1  ----[0m

  [1muser at line 19 is being replaced[0m

  [36m50[0m  [36m                                                :handler show-output[0m
  [36m51[0m  [36m                                                :error-handler error-output})))} "done"][0m
  [36m52[0m  [36m                       [:p {:on-click #(swap! page assoc :page :login)} "update"]]))])[0m
  [36m53[0m  [36m[0m
  [33m54[0m  [1m(def user (atom "rated"))[0m
  [0m  [0m  [33m^--- user at line 19 is being replaced[0m
  [36m55[0m  [36m[0m
  [36m56[0m  [36m(defn home-page [][0m
  [36m57[0m  [36m  [:div[0m
  [36m58[0m  [36m   [:h2 "Please enter the task"][0m
  [36m59[0m  [36m   [:form {:action "#"[0m

[36m----  Compiler Warning : Please see src/cljs/string_manipulator/core.cljs  ----[0m
[36m----  Compiler Warning on   src/cljs/string_manipulator/core.cljs   line:73  column:63  ----[0m

  [1mUse of undeclared Var string-manipulator.core/page[0m

  [36m69[0m  [36m                                :handler show-output[0m
  [36m70[0m  [36m                                :error-handler error-output})))}[0m
  [36m71[0m  [36m    [:input {:type "text" :id "input-str" :placeholder "enter your task"}][0m
  [36m72[0m  [36m    [:input {:type "submit" :value "Submit"}][0m
  [33m73[0m  [1m    [:input {:type "button" :value "Logout" :on-click #(swap! page assoc :page :login)}]][0m
  [0m  [0m  [33m                                                              ^--- Use of undeclared Var string-manipulator.core/page[0m
  [36m74[0m  [36m   [:div [show-hiccup]]])[0m
  [36m75[0m  [36m[0m
  [36m76[0m  [36m[0m
  [36m77[0m  [36m(defn update-page [][0m
  [36m78[0m  [36m  [:div[0m

[36m----  Compiler Warning : Please see src/cljs/string_manipulator/core.cljs  ----[0m
[36m----  Compiler Warning on   src/cljs/string_manipulator/core.cljs   line:84  column:38  ----[0m

  [1mUse of undeclared Var string-manipulator.core/task[0m

  [36m80[0m  [36m[:form {:action "#"[0m
  [36m81[0m  [36m        :on-submit (fn [e][0m
  [36m82[0m  [36m                     (let [task-old (.-value (get-by-id "input-str1"))[0m
  [36m83[0m  [36m                           task-upd (.-value (get-by-id "input-str2"))][0m
  [33m84[0m  [1m                       (log "###" task "^^^^" @user)[0m
  [0m  [0m  [33m                                  ^--- Use of undeclared Var string-manipulator.core/task[0m
  [36m85[0m  [36m                       (GET (str server "upd-todo")[0m
  [36m86[0m  [36m                            {:params {:task-name-old task-old[0m
  [36m87[0m  [36m                                      :task-name-upd task-upd[0m
  [36m88[0m  [36m                                      :user @user}[0m
  [36m89[0m  [36m                             :format :json[0m

[36m----  Compiler Warning : Please see src/cljs/string_manipulator/core.cljs  ----[0m
[36m----  Compiler Warning on   src/cljs/string_manipulator/core.cljs   line:104  column:14  ----[0m

  [1mUse of undeclared Var string-manipulator.core/page[0m

  [36m100[0m  [36m(defn show-login [params][0m
  [36m101[0m  [36m  (log "login: " params)[0m
  [36m102[0m  [36m  (if (not= (count params) 1)[0m
  [36m103[0m  [36m    (do[0m
  [33m104[0m  [1m      (swap! page assoc :page :login)[0m
  [0m   [0m  [33m             ^--- Use of undeclared Var string-manipulator.core/page[0m
  [36m105[0m  [36m      (alert "user name or password incorrect"))[0m
  [36m106[0m  [36m    (do[0m
  [36m107[0m  [36m      (reset! user (:user (first params)))[0m
  [36m108[0m  [36m      (log @user)[0m
  [36m109[0m  [36m      (GET (str server "todos")[0m

[36m----  Compiler Warning : Please see src/cljs/string_manipulator/core.cljs  ----[0m
[32mSuccessfully compiled "target/cljsbuild/public/js/app.js" in 0.634 seconds.[0m
notifying browser that file changed:  target/cljsbuild/public/js/out/string_manipulator/core.js
[0mCompiling "target/cljsbuild/public/js/app.js" from ["src/cljs" "src/cljc" "env/dev/cljs"]...[0m
[36m----  Compiler Warning on   src/cljs/string_manipulator/core.cljs   line:54  column:1  ----[0m

  [1muser at line 19 is being replaced[0m

  [36m50[0m  [36m                                                :handler show-output[0m
  [36m51[0m  [36m                                                :error-handler error-output})))} "done"][0m
  [36m52[0m  [36m                       [:p {:on-click #(session/put! :page :update)} "update"]]))])[0m
  [36m53[0m  [36m[0m
  [33m54[0m  [1m(def user (atom "rated"))[0m
  [0m  [0m  [33m^--- user at line 19 is being replaced[0m
  [36m55[0m  [36m[0m
  [36m56[0m  [36m(defn home-page [][0m
  [36m57[0m  [36m  [:div[0m
  [36m58[0m  [36m   [:h2 "Please enter the task"][0m
  [36m59[0m  [36m   [:form {:action "#"[0m

[36m----  Compiler Warning : Please see src/cljs/string_manipulator/core.cljs  ----[0m
[36m----  Compiler Warning on   src/cljs/string_manipulator/core.cljs   line:84  column:38  ----[0m

  [1mUse of undeclared Var string-manipulator.core/task[0m

  [36m80[0m  [36m[:form {:action "#"[0m
  [36m81[0m  [36m        :on-submit (fn [e][0m
  [36m82[0m  [36m                     (let [task-old (.-value (get-by-id "input-str1"))[0m
  [36m83[0m  [36m                           task-upd (.-value (get-by-id "input-str2"))][0m
  [33m84[0m  [1m                       (log "###" task "^^^^" @user)[0m
  [0m  [0m  [33m                                  ^--- Use of undeclared Var string-manipulator.core/task[0m
  [36m85[0m  [36m                       (GET (str server "upd-todo")[0m
  [36m86[0m  [36m                            {:params {:task-name-old task-old[0m
  [36m87[0m  [36m                                      :task-name-upd task-upd[0m
  [36m88[0m  [36m                                      :user @user}[0m
  [36m89[0m  [36m                             :format :json[0m

[36m----  Compiler Warning : Please see src/cljs/string_manipulator/core.cljs  ----[0m
[36m----  Compiler Warning on   src/cljs/string_manipulator/core.cljs   line:104  column:14  ----[0m

  [1mUse of undeclared Var string-manipulator.core/page[0m

  [36m100[0m  [36m(defn show-login [params][0m
  [36m101[0m  [36m  (log "login: " params)[0m
  [36m102[0m  [36m  (if (not= (count params) 1)[0m
  [36m103[0m  [36m    (do[0m
  [33m104[0m  [1m      (swap! page assoc :page :login)[0m
  [0m   [0m  [33m             ^--- Use of undeclared Var string-manipulator.core/page[0m
  [36m105[0m  [36m      (alert "user name or password incorrect"))[0m
  [36m106[0m  [36m    (do[0m
  [36m107[0m  [36m      (reset! user (:user (first params)))[0m
  [36m108[0m  [36m      (log @user)[0m
  [36m109[0m  [36m      (GET (str server "todos")[0m

[36m----  Compiler Warning : Please see src/cljs/string_manipulator/core.cljs  ----[0m
[32mSuccessfully compiled "target/cljsbuild/public/js/app.js" in 0.579 seconds.[0m
notifying browser that file changed:  target/cljsbuild/public/js/out/string_manipulator/core.js
[0mCompiling "target/cljsbuild/public/js/app.js" from ["src/cljs" "src/cljc" "env/dev/cljs"]...[0m
[36m----  Compiler Warning on   src/cljs/string_manipulator/core.cljs   line:40  column:54  ----[0m

  [1mUse of undeclared Var string-manipulator.core/user[0m

  [36m36[0m  [36m              :id i[0m
  [36m37[0m  [36m              :type "text"[0m
  [36m38[0m  [36m              :value ((nth @all-tasks i) :task-name)}][0m
  [36m39[0m  [36m[:p {:on-click (fn [e][0m
  [33m40[0m  [1m                 (log "^^^^" @user)[0m
  [0m  [0m  [33m                              ^--- Use of undeclared Var string-manipulator.core/user[0m
  [36m41[0m  [36m                 (let [task ((nth @all-tasks i) :task-name)][0m
  [36m42[0m  [36m                   (GET (str server "done-todo")[0m
  [36m43[0m  [36m                        {:params {:task-name task[0m
  [36m44[0m  [36m                                  :user @user}[0m
  [36m45[0m  [36m                         :format :json[0m

[36m----  Compiler Warning : Please see src/cljs/string_manipulator/core.cljs  ----[0m
[36m----  Compiler Warning on   src/cljs/string_manipulator/core.cljs   line:44  column:65  ----[0m

  [1mUse of undeclared Var string-manipulator.core/user[0m

  [36m40[0m  [36m(log "^^^^" @user)[0m
  [36m41[0m  [36m(let [task ((nth @all-tasks i) :task-name)][0m
  [36m42[0m  [36m  (GET (str server "done-todo")[0m
  [36m43[0m  [36m       {:params {:task-name task[0m
  [33m44[0m  [1m                 :user @user}[0m
  [0m  [0m  [33m                        ^--- Use of undeclared Var string-manipulator.core/user[0m
  [36m45[0m  [36m        :format :json[0m
  [36m46[0m  [36m        :response-format :json[0m
  [36m47[0m  [36m        :keywords? true[0m
  [36m48[0m  [36m        :handler show-output[0m
  [36m49[0m  [36m        :error-handler error-output})))} "done"][0m

[36m----  Compiler Warning : Please see src/cljs/string_manipulator/core.cljs  ----[0m
[36m----  Compiler Warning on   src/cljs/string_manipulator/core.cljs   line:40  column:54  ----[0m

  [1mUse of undeclared Var string-manipulator.core/user[0m

  [36m36[0m  [36m              :id i[0m
  [36m37[0m  [36m              :type "text"[0m
  [36m38[0m  [36m              :value ((nth @all-tasks i) :task-name)}][0m
  [36m39[0m  [36m[:p {:on-click (fn [e][0m
  [33m40[0m  [1m                 (log "^^^^" @user)[0m
  [0m  [0m  [33m                              ^--- Use of undeclared Var string-manipulator.core/user[0m
  [36m41[0m  [36m                 (let [task ((nth @all-tasks i) :task-name)][0m
  [36m42[0m  [36m                   (GET (str server "done-todo")[0m
  [36m43[0m  [36m                        {:params {:task-name task[0m
  [36m44[0m  [36m                                  :user @user}[0m
  [36m45[0m  [36m                         :format :json[0m

[36m----  Compiler Warning : Please see src/cljs/string_manipulator/core.cljs  ----[0m
[36m----  Compiler Warning on   src/cljs/string_manipulator/core.cljs   line:44  column:65  ----[0m

  [1mUse of undeclared Var string-manipulator.core/user[0m

  [36m40[0m  [36m(log "^^^^" @user)[0m
  [36m41[0m  [36m(let [task ((nth @all-tasks i) :task-name)][0m
  [36m42[0m  [36m  (GET (str server "done-todo")[0m
  [36m43[0m  [36m       {:params {:task-name task[0m
  [33m44[0m  [1m                 :user @user}[0m
  [0m  [0m  [33m                        ^--- Use of undeclared Var string-manipulator.core/user[0m
  [36m45[0m  [36m        :format :json[0m
  [36m46[0m  [36m        :response-format :json[0m
  [36m47[0m  [36m        :keywords? true[0m
  [36m48[0m  [36m        :handler show-output[0m
  [36m49[0m  [36m        :error-handler error-output})))} "done"][0m

[36m----  Compiler Warning : Please see src/cljs/string_manipulator/core.cljs  ----[0m
[36m----  Compiler Warning on   src/cljs/string_manipulator/core.cljs   line:82  column:38  ----[0m

  [1mUse of undeclared Var string-manipulator.core/task[0m

  [36m78[0m  [36m[:form {:action "#"[0m
  [36m79[0m  [36m        :on-submit (fn [e][0m
  [36m80[0m  [36m                     (let [task-old (.-value (get-by-id "input-str1"))[0m
  [36m81[0m  [36m                           task-upd (.-value (get-by-id "input-str2"))][0m
  [33m82[0m  [1m                       (log "###" task "^^^^" @user)[0m
  [0m  [0m  [33m                                  ^--- Use of undeclared Var string-manipulator.core/task[0m
  [36m83[0m  [36m                       (GET (str server "upd-todo")[0m
  [36m84[0m  [36m                            {:params {:task-name-old task-old[0m
  [36m85[0m  [36m                                      :task-name-upd task-upd[0m
  [36m86[0m  [36m                                      :user @user}[0m
  [36m87[0m  [36m                             :format :json[0m

[36m----  Compiler Warning : Please see src/cljs/string_manipulator/core.cljs  ----[0m
[36m----  Compiler Warning on   src/cljs/string_manipulator/core.cljs   line:102  column:14  ----[0m

  [1mUse of undeclared Var string-manipulator.core/page[0m

  [36m 98[0m  [36m(defn show-login [params][0m
  [36m 99[0m  [36m  (log "login: " params)[0m
  [36m100[0m  [36m  (if (not= (count params) 1)[0m
  [36m101[0m  [36m    (do[0m
  [33m102[0m  [1m      (swap! page assoc :page :login)[0m
  [0m   [0m  [33m             ^--- Use of undeclared Var string-manipulator.core/page[0m
  [36m103[0m  [36m      (alert "user name or password incorrect"))[0m
  [36m104[0m  [36m    (do[0m
  [36m105[0m  [36m      (reset! user (:user (first params)))[0m
  [36m106[0m  [36m      (log @user)[0m
  [36m107[0m  [36m      (GET (str server "todos")[0m

[36m----  Compiler Warning : Please see src/cljs/string_manipulator/core.cljs  ----[0m
[32mSuccessfully compiled "target/cljsbuild/public/js/app.js" in 0.766 seconds.[0m
notifying browser that file changed:  target/cljsbuild/public/js/out/string_manipulator/core.js
[0mCompiling "target/cljsbuild/public/js/app.js" from ["src/cljs" "src/cljc" "env/dev/cljs"]...[0m
[36m----  Compiler Warning on   src/cljs/string_manipulator/core.cljs   line:84  column:38  ----[0m

  [1mUse of undeclared Var string-manipulator.core/task[0m

  [36m80[0m  [36m[:form {:action "#"[0m
  [36m81[0m  [36m        :on-submit (fn [e][0m
  [36m82[0m  [36m                     (let [task-old (.-value (get-by-id "input-str1"))[0m
  [36m83[0m  [36m                           task-upd (.-value (get-by-id "input-str2"))][0m
  [33m84[0m  [1m                       (log "###" task "^^^^" @user)[0m
  [0m  [0m  [33m                                  ^--- Use of undeclared Var string-manipulator.core/task[0m
  [36m85[0m  [36m                       (GET (str server "upd-todo")[0m
  [36m86[0m  [36m                            {:params {:task-name-old task-old[0m
  [36m87[0m  [36m                                      :task-name-upd task-upd[0m
  [36m88[0m  [36m                                      :user @user}[0m
  [36m89[0m  [36m                             :format :json[0m

[36m----  Compiler Warning : Please see src/cljs/string_manipulator/core.cljs  ----[0m
[36m----  Compiler Warning on   src/cljs/string_manipulator/core.cljs   line:104  column:14  ----[0m

  [1mUse of undeclared Var string-manipulator.core/page[0m

  [36m100[0m  [36m(defn show-login [params][0m
  [36m101[0m  [36m  (log "login: " params)[0m
  [36m102[0m  [36m  (if (not= (count params) 1)[0m
  [36m103[0m  [36m    (do[0m
  [33m104[0m  [1m      (swap! page assoc :page :login)[0m
  [0m   [0m  [33m             ^--- Use of undeclared Var string-manipulator.core/page[0m
  [36m105[0m  [36m      (alert "user name or password incorrect"))[0m
  [36m106[0m  [36m    (do[0m
  [36m107[0m  [36m      (reset! user (:user (first params)))[0m
  [36m108[0m  [36m      (log @user)[0m
  [36m109[0m  [36m      (GET (str server "todos")[0m

[36m----  Compiler Warning : Please see src/cljs/string_manipulator/core.cljs  ----[0m
[32mSuccessfully compiled "target/cljsbuild/public/js/app.js" in 0.548 seconds.[0m
notifying browser that file changed:  target/cljsbuild/public/js/out/string_manipulator/core.js
[0mCompiling "target/cljsbuild/public/js/app.js" from ["src/cljs" "src/cljc" "env/dev/cljs"]...[0m
[36m----  Compiler Warning on   src/cljs/string_manipulator/core.cljs   line:104  column:14  ----[0m

  [1mUse of undeclared Var string-manipulator.core/page[0m

  [36m100[0m  [36m(defn show-login [params][0m
  [36m101[0m  [36m  (log "login: " params)[0m
  [36m102[0m  [36m  (if (not= (count params) 1)[0m
  [36m103[0m  [36m    (do[0m
  [33m104[0m  [1m      (swap! page assoc :page :login)[0m
  [0m   [0m  [33m             ^--- Use of undeclared Var string-manipulator.core/page[0m
  [36m105[0m  [36m      (alert "user name or password incorrect"))[0m
  [36m106[0m  [36m    (do[0m
  [36m107[0m  [36m      (reset! user (:user (first params)))[0m
  [36m108[0m  [36m      (log @user)[0m
  [36m109[0m  [36m      (GET (str server "todos")[0m

[36m----  Compiler Warning : Please see src/cljs/string_manipulator/core.cljs  ----[0m
[32mSuccessfully compiled "target/cljsbuild/public/js/app.js" in 0.536 seconds.[0m
notifying browser that file changed:  target/cljsbuild/public/js/out/string_manipulator/core.js
[0mCompiling "target/cljsbuild/public/js/app.js" from ["src/cljs" "src/cljc" "env/dev/cljs"]...[0m
[32mSuccessfully compiled "target/cljsbuild/public/js/app.js" in 0.51 seconds.[0m
notifying browser that file changed:  target/cljsbuild/public/js/out/string_manipulator/core.js
[0mCompiling "target/cljsbuild/public/js/app.js" from ["src/cljs" "src/cljc" "env/dev/cljs"]...[0m
[32mSuccessfully compiled "target/cljsbuild/public/js/app.js" in 0.564 seconds.[0m
notifying browser that file changed:  target/cljsbuild/public/js/out/string_manipulator/core.js
[0mCompiling "target/cljsbuild/public/js/app.js" from ["src/cljs" "src/cljc" "env/dev/cljs"]...[0m
[31mFailed to compile "target/cljsbuild/public/js/app.js" in 0.23 seconds.[0m
[36m----  Could not Analyze  src/cljs/string_manipulator/core.cljs  ----[0m

  [1mNo such namespace: accountant.core, could not locate accountant/core.cljs, accountant/core.cljc, or JavaScript source providing "accountant.core" [0m

[36m----  Analysis Error : Please see src/cljs/string_manipulator/core.cljs  ----[0m
[0mCompiling "target/cljsbuild/public/js/app.js" from ["src/cljs" "src/cljc" "env/dev/cljs"]...[0m
[32mSuccessfully compiled "target/cljsbuild/public/js/app.js" in 0.684 seconds.[0m
notifying browser that file changed:  target/cljsbuild/public/js/out/goog/deps.js
notifying browser that file changed:  target/cljsbuild/public/js/out/cljs_deps.js
notifying browser that file changed:  target/cljsbuild/public/js/out/string_manipulator/core.js
[0mCompiling "target/cljsbuild/public/js/app.js" from ["src/cljs" "src/cljc" "env/dev/cljs"]...[0m
[32mSuccessfully compiled "target/cljsbuild/public/js/app.js" in 0.698 seconds.[0m
notifying browser that file changed:  target/cljsbuild/public/js/out/string_manipulator/core.js
[0mCompiling "target/cljsbuild/public/js/app.js" from ["src/cljs" "src/cljc" "env/dev/cljs"]...[0m
[32mSuccessfully compiled "target/cljsbuild/public/js/app.js" in 0.575 seconds.[0m
notifying browser that file changed:  target/cljsbuild/public/js/out/string_manipulator/core.js
[0mCompiling "target/cljsbuild/public/js/app.js" from ["src/cljs" "src/cljc" "env/dev/cljs"]...[0m
[32mSuccessfully compiled "target/cljsbuild/public/js/app.js" in 0.537 seconds.[0m
notifying browser that file changed:  target/cljsbuild/public/js/out/cljs_deps.js
notifying browser that file changed:  target/cljsbuild/public/js/out/string_manipulator/core.js
[0mCompiling "target/cljsbuild/public/js/app.js" from ["src/cljs" "src/cljc" "env/dev/cljs"]...[0m
[32mSuccessfully compiled "target/cljsbuild/public/js/app.js" in 0.509 seconds.[0m
notifying browser that file changed:  target/cljsbuild/public/js/out/cljs_deps.js
notifying browser that file changed:  target/cljsbuild/public/js/out/string_manipulator/core.js
[0mCompiling "target/cljsbuild/public/js/app.js" from ["src/cljs" "src/cljc" "env/dev/cljs"]...[0m
[32mSuccessfully compiled "target/cljsbuild/public/js/app.js" in 0.552 seconds.[0m
notifying browser that file changed:  target/cljsbuild/public/js/out/string_manipulator/core.js
[0mCompiling "target/cljsbuild/public/js/app.js" from ["src/cljs" "src/cljc" "env/dev/cljs"]...[0m
[32mSuccessfully compiled "target/cljsbuild/public/js/app.js" in 0.499 seconds.[0m
notifying browser that file changed:  target/cljsbuild/public/js/out/string_manipulator/core.js
[0mCompiling "target/cljsbuild/public/js/app.js" from ["src/cljs" "src/cljc" "env/dev/cljs"]...[0m
[32mSuccessfully compiled "target/cljsbuild/public/js/app.js" in 0.5 seconds.[0m
notifying browser that file changed:  target/cljsbuild/public/js/out/string_manipulator/core.js
[0mCompiling "target/cljsbuild/public/js/app.js" from ["src/cljs" "src/cljc" "env/dev/cljs"]...[0m
[32mSuccessfully compiled "target/cljsbuild/public/js/app.js" in 0.447 seconds.[0m
notifying browser that file changed:  target/cljsbuild/public/js/out/string_manipulator/core.js
[0mCompiling "target/cljsbuild/public/js/app.js" from ["src/cljs" "src/cljc" "env/dev/cljs"]...[0m
[32mSuccessfully compiled "target/cljsbuild/public/js/app.js" in 0.471 seconds.[0m
notifying browser that file changed:  target/cljsbuild/public/js/out/string_manipulator/core.js
[0mCompiling "target/cljsbuild/public/js/app.js" from ["src/cljs" "src/cljc" "env/dev/cljs"]...[0m
[32mSuccessfully compiled "target/cljsbuild/public/js/app.js" in 0.526 seconds.[0m
notifying browser that file changed:  target/cljsbuild/public/js/out/string_manipulator/core.js
[0mCompiling "target/cljsbuild/public/js/app.js" from ["src/cljs" "src/cljc" "env/dev/cljs"]...[0m
[32mSuccessfully compiled "target/cljsbuild/public/js/app.js" in 0.462 seconds.[0m
notifying browser that file changed:  target/cljsbuild/public/js/out/string_manipulator/core.js
[0mCompiling "target/cljsbuild/public/js/app.js" from ["src/cljs" "src/cljc" "env/dev/cljs"]...[0m
[32mSuccessfully compiled "target/cljsbuild/public/js/app.js" in 0.431 seconds.[0m
notifying browser that file changed:  target/cljsbuild/public/js/out/string_manipulator/core.js
[0mCompiling "target/cljsbuild/public/js/app.js" from ["src/cljs" "src/cljc" "env/dev/cljs"]...[0m
[32mSuccessfully compiled "target/cljsbuild/public/js/app.js" in 0.437 seconds.[0m
notifying browser that file changed:  target/cljsbuild/public/js/out/string_manipulator/core.js
[0mCompiling "target/cljsbuild/public/js/app.js" from ["src/cljs" "src/cljc" "env/dev/cljs"]...[0m
[32mSuccessfully compiled "target/cljsbuild/public/js/app.js" in 1.058 seconds.[0m
notifying browser that file changed:  target/cljsbuild/public/js/out/goog/deps.js
notifying browser that file changed:  target/cljsbuild/public/js/out/cljs_deps.js
notifying browser that file changed:  target/cljsbuild/public/js/out/string_manipulator/core.js
[0mCompiling "target/cljsbuild/public/js/app.js" from ["src/cljs" "src/cljc" "env/dev/cljs"]...[0m
[32mSuccessfully compiled "target/cljsbuild/public/js/app.js" in 0.781 seconds.[0m
notifying browser that file changed:  target/cljsbuild/public/js/out/goog/deps.js
notifying browser that file changed:  target/cljsbuild/public/js/out/cljs_deps.js
notifying browser that file changed:  target/cljsbuild/public/js/out/string_manipulator/core.js
[0mCompiling "target/cljsbuild/public/js/app.js" from ["src/cljs" "src/cljc" "env/dev/cljs"]...[0m
[32mSuccessfully compiled "target/cljsbuild/public/js/app.js" in 0.626 seconds.[0m
notifying browser that file changed:  target/cljsbuild/public/js/out/string_manipulator/core.js
[0mCompiling "target/cljsbuild/public/js/app.js" from ["src/cljs" "src/cljc" "env/dev/cljs"]...[0m
[32mSuccessfully compiled "target/cljsbuild/public/js/app.js" in 0.602 seconds.[0m
notifying browser that file changed:  target/cljsbuild/public/js/out/string_manipulator/core.js
[0mCompiling "target/cljsbuild/public/js/app.js" from ["src/cljs" "src/cljc" "env/dev/cljs"]...[0m
[32mSuccessfully compiled "target/cljsbuild/public/js/app.js" in 0.616 seconds.[0m
notifying browser that file changed:  target/cljsbuild/public/js/out/goog/deps.js
notifying browser that file changed:  target/cljsbuild/public/js/out/cljs_deps.js
notifying browser that file changed:  target/cljsbuild/public/js/out/string_manipulator/core.js
Notifying browser that CSS file changed: resources/public/css/screen.css
[0mCompiling "target/cljsbuild/public/js/app.js" from ["src/cljs" "src/cljc" "env/dev/cljs"]...[0m
[32mSuccessfully compiled "target/cljsbuild/public/js/app.js" in 0.558 seconds.[0m
notifying browser that file changed:  target/cljsbuild/public/js/out/string_manipulator/core.js
[0mCompiling "target/cljsbuild/public/js/app.js" from ["src/cljs" "src/cljc" "env/dev/cljs"]...[0m
[32mSuccessfully compiled "target/cljsbuild/public/js/app.js" in 0.585 seconds.[0m
notifying browser that file changed:  target/cljsbuild/public/js/out/string_manipulator/core.js
Notifying browser that CSS file changed: resources/public/css/screen.css
[0mCompiling "target/cljsbuild/public/js/app.js" from ["src/cljs" "src/cljc" "env/dev/cljs"]...[0m
[32mSuccessfully compiled "target/cljsbuild/public/js/app.js" in 0.517 seconds.[0m
notifying browser that file changed:  target/cljsbuild/public/js/out/string_manipulator/core.js
Notifying browser that CSS file changed: resources/public/css/screen.css
Notifying browser that CSS file changed: resources/public/css/screen.css
[0mCompiling "target/cljsbuild/public/js/app.js" from ["src/cljs" "src/cljc" "env/dev/cljs"]...[0m
[32mSuccessfully compiled "target/cljsbuild/public/js/app.js" in 0.538 seconds.[0m
notifying browser that file changed:  target/cljsbuild/public/js/out/string_manipulator/core.js
Notifying browser that CSS file changed: resources/public/css/screen.css
Notifying browser that CSS file changed: resources/public/css/screen.css
Notifying browser that CSS file changed: resources/public/css/screen.css
Notifying browser that CSS file changed: resources/public/css/screen.css
[0mCompiling "target/cljsbuild/public/js/app.js" from ["src/cljs" "src/cljc" "env/dev/cljs"]...[0m
[32mSuccessfully compiled "target/cljsbuild/public/js/app.js" in 0.475 seconds.[0m
notifying browser that file changed:  target/cljsbuild/public/js/out/string_manipulator/core.js
Notifying browser that CSS file changed: resources/public/css/screen.css
Notifying browser that CSS file changed: resources/public/css/screen.css
Notifying browser that CSS file changed: resources/public/css/screen.css
Notifying browser that CSS file changed: resources/public/css/screen.css
Notifying browser that CSS file changed: resources/public/css/screen.css
Notifying browser that CSS file changed: resources/public/css/screen.css
Notifying browser that CSS file changed: resources/public/css/screen.css
Notifying browser that CSS file changed: resources/public/css/screen.css
Notifying browser that CSS file changed: resources/public/css/screen.css
Notifying browser that CSS file changed: resources/public/css/screen.css
Notifying browser that CSS file changed: resources/public/css/screen.css
Notifying browser that CSS file changed: resources/public/css/screen.css
Notifying browser that CSS file changed: resources/public/css/screen.css
Notifying browser that CSS file changed: resources/public/css/screen.css
[0mCompiling "target/cljsbuild/public/js/app.js" from ["src/cljs" "src/cljc" "env/dev/cljs"]...[0m
[32mSuccessfully compiled "target/cljsbuild/public/js/app.js" in 0.503 seconds.[0m
notifying browser that file changed:  target/cljsbuild/public/js/out/string_manipulator/core.js
[0mCompiling "target/cljsbuild/public/js/app.js" from ["src/cljs" "src/cljc" "env/dev/cljs"]...[0m
[32mSuccessfully compiled "target/cljsbuild/public/js/app.js" in 0.543 seconds.[0m
notifying browser that file changed:  target/cljsbuild/public/js/out/string_manipulator/core.js
Notifying browser that CSS file changed: resources/public/css/screen.css
Notifying browser that CSS file changed: resources/public/css/screen.css
Notifying browser that CSS file changed: resources/public/css/screen.css
Notifying browser that CSS file changed: resources/public/css/screen.css
Notifying browser that CSS file changed: resources/public/css/screen.css
Notifying browser that CSS file changed: resources/public/css/screen.css
Notifying browser that CSS file changed: resources/public/css/screen.css
Notifying browser that CSS file changed: resources/public/css/screen.css
Notifying browser that CSS file changed: resources/public/css/screen.css
Notifying browser that CSS file changed: resources/public/css/screen.css
Notifying browser that CSS file changed: resources/public/css/screen.css
Notifying browser that CSS file changed: resources/public/css/screen.css
Notifying browser that CSS file changed: resources/public/css/screen.css
Notifying browser that CSS file changed: resources/public/css/screen.css
[0mCompiling "target/cljsbuild/public/js/app.js" from ["src/cljs" "src/cljc" "env/dev/cljs"]...[0m
[32mSuccessfully compiled "target/cljsbuild/public/js/app.js" in 0.467 seconds.[0m
notifying browser that file changed:  target/cljsbuild/public/js/out/string_manipulator/core.js
Notifying browser that CSS file changed: resources/public/css/screen.css
Notifying browser that CSS file changed: resources/public/css/screen.css
Notifying browser that CSS file changed: resources/public/css/screen.css
Notifying browser that CSS file changed: resources/public/css/screen.css
Notifying browser that CSS file changed: resources/public/css/screen.css
Notifying browser that CSS file changed: resources/public/css/screen.css
Notifying browser that CSS file changed: resources/public/css/screen.css
Notifying browser that CSS file changed: resources/public/css/screen.css
Notifying browser that CSS file changed: resources/public/css/screen.css
Notifying browser that CSS file changed: resources/public/css/screen.css
Notifying browser that CSS file changed: resources/public/css/screen.css
Notifying browser that CSS file changed: resources/public/css/screen.css
Notifying browser that CSS file changed: resources/public/css/screen.css
Notifying browser that CSS file changed: resources/public/css/screen.css
Notifying browser that CSS file changed: resources/public/css/screen.css
Notifying browser that CSS file changed: resources/public/css/screen.css
Notifying browser that CSS file changed: resources/public/css/screen.css
Notifying browser that CSS file changed: resources/public/css/screen.css
Notifying browser that CSS file changed: resources/public/css/screen.css
Notifying browser that CSS file changed: resources/public/css/screen.css
Notifying browser that CSS file changed: resources/public/css/screen.css
Notifying browser that CSS file changed: resources/public/css/screen.css
Notifying browser that CSS file changed: resources/public/css/screen.css
Notifying browser that CSS file changed: resources/public/css/screen.css
Notifying browser that CSS file changed: resources/public/css/screen.css
Notifying browser that CSS file changed: resources/public/css/screen.css
Notifying browser that CSS file changed: resources/public/css/screen.css
Notifying browser that CSS file changed: resources/public/css/screen.css
Notifying browser that CSS file changed: resources/public/css/screen.css
Notifying browser that CSS file changed: resources/public/css/screen.css
Notifying browser that CSS file changed: resources/public/css/screen.css
Notifying browser that CSS file changed: resources/public/css/screen.css
Notifying browser that CSS file changed: resources/public/css/screen.css
Notifying browser that CSS file changed: resources/public/css/screen.css
Notifying browser that CSS file changed: resources/public/css/screen.css
Notifying browser that CSS file changed: resources/public/css/screen.css
Notifying browser that CSS file changed: resources/public/css/screen.css
Notifying browser that CSS file changed: resources/public/css/screen.css
Notifying browser that CSS file changed: resources/public/css/screen.css
Notifying browser that CSS file changed: resources/public/css/screen.css
Notifying browser that CSS file changed: resources/public/css/screen.css
Notifying browser that CSS file changed: resources/public/css/screen.css
Notifying browser that CSS file changed: resources/public/css/screen.css
Notifying browser that CSS file changed: resources/public/css/screen.css
Notifying browser that CSS file changed: resources/public/css/screen.css
[0mCompiling "target/cljsbuild/public/js/app.js" from ["src/cljs" "src/cljc" "env/dev/cljs"]...[0m
[32mSuccessfully compiled "target/cljsbuild/public/js/app.js" in 0.439 seconds.[0m
notifying browser that file changed:  target/cljsbuild/public/js/out/string_manipulator/core.js
Notifying browser that CSS file changed: resources/public/css/screen.css
