[0mCompiling "target/cljsbuild/public/js/app.js" from ["src/cljs" "src/cljc" "env/dev/cljs"]...[0m
[32mSuccessfully compiled "target/cljsbuild/public/js/app.js" in 0.699 seconds.[0m
notifying browser that file changed:  target/cljsbuild/public/js/out/goog/deps.js
notifying browser that file changed:  target/cljsbuild/public/js/out/cljs_deps.js
notifying browser that file changed:  target/cljsbuild/public/js/out/demo_rated/core.js
[0mCompiling "target/cljsbuild/public/js/app.js" from ["src/cljs" "src/cljc" "env/dev/cljs"]...[0m
[32mSuccessfully compiled "target/cljsbuild/public/js/app.js" in 0.524 seconds.[0m
notifying browser that file changed:  target/cljsbuild/public/js/out/demo_rated/core.js
[0mCompiling "target/cljsbuild/public/js/app.js" from ["src/cljs" "src/cljc" "env/dev/cljs"]...[0m
[32mSuccessfully compiled "target/cljsbuild/public/js/app.js" in 0.495 seconds.[0m
notifying browser that file changed:  target/cljsbuild/public/js/out/demo_rated/core.js
[0mCompiling "target/cljsbuild/public/js/app.js" from ["src/cljs" "src/cljc" "env/dev/cljs"]...[0m
[32mSuccessfully compiled "target/cljsbuild/public/js/app.js" in 0.584 seconds.[0m
notifying browser that file changed:  target/cljsbuild/public/js/out/demo_rated/core.js
[0mCompiling "target/cljsbuild/public/js/app.js" from ["src/cljs" "src/cljc" "env/dev/cljs"]...[0m
[32mSuccessfully compiled "target/cljsbuild/public/js/app.js" in 0.563 seconds.[0m
notifying browser that file changed:  target/cljsbuild/public/js/out/goog/deps.js
notifying browser that file changed:  target/cljsbuild/public/js/out/cljs_deps.js
notifying browser that file changed:  target/cljsbuild/public/js/out/demo_rated/core.js
[0mCompiling "target/cljsbuild/public/js/app.js" from ["src/cljs" "src/cljc" "env/dev/cljs"]...[0m
[32mSuccessfully compiled "target/cljsbuild/public/js/app.js" in 0.537 seconds.[0m
notifying browser that file changed:  target/cljsbuild/public/js/out/demo_rated/core.js
[0mCompiling "target/cljsbuild/public/js/app.js" from ["src/cljs" "src/cljc" "env/dev/cljs"]...[0m
[32mSuccessfully compiled "target/cljsbuild/public/js/app.js" in 0.571 seconds.[0m
notifying browser that file changed:  target/cljsbuild/public/js/out/demo_rated/core.js
[0mCompiling "target/cljsbuild/public/js/app.js" from ["src/cljs" "src/cljc" "env/dev/cljs"]...[0m
[32mSuccessfully compiled "target/cljsbuild/public/js/app.js" in 0.519 seconds.[0m
notifying browser that file changed:  target/cljsbuild/public/js/out/demo_rated/core.js
[0mCompiling "target/cljsbuild/public/js/app.js" from ["src/cljs" "src/cljc" "env/dev/cljs"]...[0m
[32mSuccessfully compiled "target/cljsbuild/public/js/app.js" in 0.438 seconds.[0m
notifying browser that file changed:  target/cljsbuild/public/js/out/demo_rated/core.js
[0mCompiling "target/cljsbuild/public/js/app.js" from ["src/cljs" "src/cljc" "env/dev/cljs"]...[0m
[32mSuccessfully compiled "target/cljsbuild/public/js/app.js" in 0.452 seconds.[0m
notifying browser that file changed:  target/cljsbuild/public/js/out/demo_rated/core.js
[0mCompiling "target/cljsbuild/public/js/app.js" from ["src/cljs" "src/cljc" "env/dev/cljs"]...[0m
[32mSuccessfully compiled "target/cljsbuild/public/js/app.js" in 0.54 seconds.[0m
notifying browser that file changed:  target/cljsbuild/public/js/out/demo_rated/core.js
[0mCompiling "target/cljsbuild/public/js/app.js" from ["src/cljs" "src/cljc" "env/dev/cljs"]...[0m
[32mSuccessfully compiled "target/cljsbuild/public/js/app.js" in 0.444 seconds.[0m
notifying browser that file changed:  target/cljsbuild/public/js/out/demo_rated/core.js
[0mCompiling "target/cljsbuild/public/js/app.js" from ["src/cljs" "src/cljc" "env/dev/cljs"]...[0m
[31mFailed to compile "target/cljsbuild/public/js/app.js" in 0.225 seconds.[0m
[36m----  Could not Read  src/cljs/demo_rated/core.cljs   line:36 ----[0m

  [1m/home/radhakrishna/demo-rated/src/cljs/demo_rated/core.cljs [line 36, col 7] Invalid symbol: js/.[0m

  [36m35[0m  [36m(defn about-page [][0m
  [33m36[0m  [1m  (js/(js/dragula.dragula {:copy true}).containers.push dragula/container)[0m
  [0m  [0m  [33m  /home/radhakrishna/demo-rated/src/cljs/demo_rated/core.cljs [line 36, col 7] Invalid symbol: js/.[0m
  [36m37[0m  [36m  [:div.container[0m
  [36m38[0m  [36m   [:div.row {:id "left"}[0m
  [36m39[0m  [36m    [:div.col-md-12[0m

[36m----  Reader Error : Please see src/cljs/demo_rated/core.cljs  ----[0m
[0mCompiling "target/cljsbuild/public/js/app.js" from ["src/cljs" "src/cljc" "env/dev/cljs"]...[0m
[32mSuccessfully compiled "target/cljsbuild/public/js/app.js" in 0.463 seconds.[0m
notifying browser that file changed:  target/cljsbuild/public/js/out/demo_rated/core.js
[0mCompiling "target/cljsbuild/public/js/app.js" from ["src/cljs" "src/cljc" "env/dev/cljs"]...[0m
[32mSuccessfully compiled "target/cljsbuild/public/js/app.js" in 0.43 seconds.[0m
notifying browser that file changed:  target/cljsbuild/public/js/out/demo_rated/core.js
[0mCompiling "target/cljsbuild/public/js/app.js" from ["src/cljs" "src/cljc" "env/dev/cljs"]...[0m
[32mSuccessfully compiled "target/cljsbuild/public/js/app.js" in 0.398 seconds.[0m
notifying browser that file changed:  target/cljsbuild/public/js/out/demo_rated/core.js
[0mCompiling "target/cljsbuild/public/js/app.js" from ["src/cljs" "src/cljc" "env/dev/cljs"]...[0m
[32mSuccessfully compiled "target/cljsbuild/public/js/app.js" in 0.461 seconds.[0m
notifying browser that file changed:  target/cljsbuild/public/js/out/demo_rated/core.js
[0mCompiling "target/cljsbuild/public/js/app.js" from ["src/cljs" "src/cljc" "env/dev/cljs"]...[0m
[32mSuccessfully compiled "target/cljsbuild/public/js/app.js" in 0.409 seconds.[0m
notifying browser that file changed:  target/cljsbuild/public/js/out/demo_rated/core.js
[0mCompiling "target/cljsbuild/public/js/app.js" from ["src/cljs" "src/cljc" "env/dev/cljs"]...[0m
[32mSuccessfully compiled "target/cljsbuild/public/js/app.js" in 0.412 seconds.[0m
notifying browser that file changed:  target/cljsbuild/public/js/out/demo_rated/core.js
[0mCompiling "target/cljsbuild/public/js/app.js" from ["src/cljs" "src/cljc" "env/dev/cljs"]...[0m
[32mSuccessfully compiled "target/cljsbuild/public/js/app.js" in 0.424 seconds.[0m
notifying browser that file changed:  target/cljsbuild/public/js/out/demo_rated/core.js
[0mCompiling "target/cljsbuild/public/js/app.js" from ["src/cljs" "src/cljc" "env/dev/cljs"]...[0m
[32mSuccessfully compiled "target/cljsbuild/public/js/app.js" in 0.442 seconds.[0m
notifying browser that file changed:  target/cljsbuild/public/js/out/demo_rated/core.js
[0mCompiling "target/cljsbuild/public/js/app.js" from ["src/cljs" "src/cljc" "env/dev/cljs"]...[0m
[32mSuccessfully compiled "target/cljsbuild/public/js/app.js" in 0.488 seconds.[0m
notifying browser that file changed:  target/cljsbuild/public/js/out/demo_rated/core.js
[0mCompiling "target/cljsbuild/public/js/app.js" from ["src/cljs" "src/cljc" "env/dev/cljs"]...[0m
[32mSuccessfully compiled "target/cljsbuild/public/js/app.js" in 0.424 seconds.[0m
notifying browser that file changed:  target/cljsbuild/public/js/out/demo_rated/core.js
[0mCompiling "target/cljsbuild/public/js/app.js" from ["src/cljs" "src/cljc" "env/dev/cljs"]...[0m
[32mSuccessfully compiled "target/cljsbuild/public/js/app.js" in 0.457 seconds.[0m
notifying browser that file changed:  target/cljsbuild/public/js/out/demo_rated/core.js
[0mCompiling "target/cljsbuild/public/js/app.js" from ["src/cljs" "src/cljc" "env/dev/cljs"]...[0m
[31mFailed to compile "target/cljsbuild/public/js/app.js" in 0.201 seconds.[0m
[36m----  Could not Analyze  src/cljs/demo_rated/core.cljs  ----[0m

  [1mNo such namespace: reagent-utils, could not locate reagent_utils.cljs, reagent_utils.cljc, or JavaScript source providing "reagent-utils" [0m

[36m----  Analysis Error : Please see src/cljs/demo_rated/core.cljs  ----[0m
[0mCompiling "target/cljsbuild/public/js/app.js" from ["src/cljs" "src/cljc" "env/dev/cljs"]...[0m
[31mFailed to compile "target/cljsbuild/public/js/app.js" in 0.192 seconds.[0m
[36m----  Could not Analyze  src/cljs/demo_rated/core.cljs  ----[0m

  [1mNo such namespace: reagent-utils, could not locate reagent_utils.cljs, reagent_utils.cljc, or JavaScript source providing "reagent-utils" [0m

[36m----  Analysis Error : Please see src/cljs/demo_rated/core.cljs  ----[0m
[0mCompiling "target/cljsbuild/public/js/app.js" from ["src/cljs" "src/cljc" "env/dev/cljs"]...[0m
[31mFailed to compile "target/cljsbuild/public/js/app.js" in 0.205 seconds.[0m
[36m----  Could not Analyze  src/cljs/demo_rated/core.cljs  ----[0m

  [1mNo such namespace: reagent-utils.reagent, could not locate reagent_utils/reagent.cljs, reagent_utils/reagent.cljc, or JavaScript source providing "reagent-utils.reagent" [0m

[36m----  Analysis Error : Please see src/cljs/demo_rated/core.cljs  ----[0m
[0mCompiling "target/cljsbuild/public/js/app.js" from ["src/cljs" "src/cljc" "env/dev/cljs"]...[0m
[31mFailed to compile "target/cljsbuild/public/js/app.js" in 0.191 seconds.[0m
[36m----  Could not Analyze  src/cljs/demo_rated/core.cljs  ----[0m

  [1mNo such namespace: reagent-utils.reagent.validation, could not locate reagent_utils/reagent/validation.cljs, reagent_utils/reagent/validation.cljc, or JavaScript source providing "reagent-utils.reagent.validation" [0m

[36m----  Analysis Error : Please see src/cljs/demo_rated/core.cljs  ----[0m
[0mCompiling "target/cljsbuild/public/js/app.js" from ["src/cljs" "src/cljc" "env/dev/cljs"]...[0m
[31mFailed to compile "target/cljsbuild/public/js/app.js" in 0.404 seconds.[0m
[36m----  Could not Analyze  src/cljs/demo_rated/core.cljs  ----[0m

  [1mNo such namespace: reagent-utils.validation, could not locate reagent_utils/validation.cljs, reagent_utils/validation.cljc, or JavaScript source providing "reagent-utils.validation" [0m

[36m----  Analysis Error : Please see src/cljs/demo_rated/core.cljs  ----[0m
[0mCompiling "target/cljsbuild/public/js/app.js" from ["src/cljs" "src/cljc" "env/dev/cljs"]...[0m
[0mCompiling "target/cljsbuild/public/js/app.js" from ["src/cljs" "src/cljc" "env/dev/cljs"]...[0m
[32mSuccessfully compiled "target/cljsbuild/public/js/app.js" in 0.641 seconds.[0m
notifying browser that file changed:  target/cljsbuild/public/js/out/goog/deps.js
notifying browser that file changed:  target/cljsbuild/public/js/out/cljs_deps.js
notifying browser that file changed:  target/cljsbuild/public/js/out/demo_rated/core.js
[0mCompiling "target/cljsbuild/public/js/app.js" from ["src/cljs" "src/cljc" "env/dev/cljs"]...[0m
[31mFailed to compile "target/cljsbuild/public/js/app.js" in 0.289 seconds.[0m
[36m----  Could not Analyze  src/cljs/demo_rated/core.cljs  ----[0m

  [1mNo such namespace: cljs-http.client, could not locate cljs_http/client.cljs, cljs_http/client.cljc, or JavaScript source providing "cljs-http.client" [0m

[36m----  Analysis Error : Please see src/cljs/demo_rated/core.cljs  ----[0m
[0mCompiling "target/cljsbuild/public/js/app.js" from ["src/cljs" "src/cljc" "env/dev/cljs"]...[0m
[31mFailed to compile "target/cljsbuild/public/js/app.js" in 0.289 seconds.[0m
[36m----  Could not Analyze  src/cljs/demo_rated/core.cljs  ----[0m

  [1mNo such namespace: cljs-http.client, could not locate cljs_http/client.cljs, cljs_http/client.cljc, or JavaScript source providing "cljs-http.client" [0m

[36m----  Analysis Error : Please see src/cljs/demo_rated/core.cljs  ----[0m
[0mCompiling "target/cljsbuild/public/js/app.js" from ["src/cljs" "src/cljc" "env/dev/cljs"]...[0m
[31mFailed to compile "target/cljsbuild/public/js/app.js" in 0.317 seconds.[0m
[36m----  Could not Analyze  src/cljs/demo_rated/core.cljs  ----[0m

  [1mNo such namespace: cljs-http.client, could not locate cljs_http/client.cljs, cljs_http/client.cljc, or JavaScript source providing "cljs-http.client" [0m

[36m----  Analysis Error : Please see src/cljs/demo_rated/core.cljs  ----[0m
[0mCompiling "target/cljsbuild/public/js/app.js" from ["src/cljs" "src/cljc" "env/dev/cljs"]...[0m
[36m----  Compiler Warning on   src/cljs/demo_rated/core.cljs   line:146  column:9  ----[0m

  [1mUse of undeclared Var demo-rated.core/History[0m

  [36m142[0m  [36m;; -------------------------[0m
  [36m143[0m  [36m;; History[0m
  [36m144[0m  [36m;; must be called after routes have been defined[0m
  [36m145[0m  [36m(defn hook-browser-navigation! [][0m
  [33m146[0m  [1m  (doto (History.)[0m
  [0m   [0m  [33m        ^--- Use of undeclared Var demo-rated.core/History[0m
  [36m147[0m  [36m        (events/listen[0m
  [36m148[0m  [36m          HistoryEventType/NAVIGATE[0m
  [36m149[0m  [36m          (fn [event][0m
  [36m150[0m  [36m              (secretary/dispatch! (.-token event))))[0m
  [36m151[0m  [36m        (.setEnabled true)))[0m

[36m----  Compiler Warning : Please see src/cljs/demo_rated/core.cljs  ----[0m
[36m----  Compiler Warning on   src/cljs/demo_rated/core.cljs   line:146  column:9  ----[0m

  [1mUse of undeclared Var demo-rated.core/History[0m

  [36m142[0m  [36m;; -------------------------[0m
  [36m143[0m  [36m;; History[0m
  [36m144[0m  [36m;; must be called after routes have been defined[0m
  [36m145[0m  [36m(defn hook-browser-navigation! [][0m
  [33m146[0m  [1m  (doto (History.)[0m
  [0m   [0m  [33m        ^--- Use of undeclared Var demo-rated.core/History[0m
  [36m147[0m  [36m        (events/listen[0m
  [36m148[0m  [36m          HistoryEventType/NAVIGATE[0m
  [36m149[0m  [36m          (fn [event][0m
  [36m150[0m  [36m              (secretary/dispatch! (.-token event))))[0m
  [36m151[0m  [36m        (.setEnabled true)))[0m

[36m----  Compiler Warning : Please see src/cljs/demo_rated/core.cljs  ----[0m
[32mSuccessfully compiled "target/cljsbuild/public/js/app.js" in 0.814 seconds.[0m
notifying browser that file changed:  target/cljsbuild/public/js/out/goog/deps.js
notifying browser that file changed:  target/cljsbuild/public/js/out/cljs_deps.js
notifying browser that file changed:  target/cljsbuild/public/js/out/demo_rated/core.js
[0mCompiling "target/cljsbuild/public/js/app.js" from ["src/cljs" "src/cljc" "env/dev/cljs"]...[0m
[32mSuccessfully compiled "target/cljsbuild/public/js/app.js" in 0.584 seconds.[0m
notifying browser that file changed:  target/cljsbuild/public/js/out/demo_rated/core.js
[0mCompiling "target/cljsbuild/public/js/app.js" from ["src/cljs" "src/cljc" "env/dev/cljs"]...[0m
[32mSuccessfully compiled "target/cljsbuild/public/js/app.js" in 0.526 seconds.[0m
notifying browser that file changed:  target/cljsbuild/public/js/out/demo_rated/core.js
[0mCompiling "target/cljsbuild/public/js/app.js" from ["src/cljs" "src/cljc" "env/dev/cljs"]...[0m
[32mSuccessfully compiled "target/cljsbuild/public/js/app.js" in 0.475 seconds.[0m
notifying browser that file changed:  target/cljsbuild/public/js/out/demo_rated/core.js
[0mCompiling "target/cljsbuild/public/js/app.js" from ["src/cljs" "src/cljc" "env/dev/cljs"]...[0m
[32mSuccessfully compiled "target/cljsbuild/public/js/app.js" in 0.569 seconds.[0m
notifying browser that file changed:  target/cljsbuild/public/js/out/demo_rated/core.js
[0mCompiling "target/cljsbuild/public/js/app.js" from ["src/cljs" "src/cljc" "env/dev/cljs"]...[0m
[36m----  Compiler Warning on   src/cljs/demo_rated/core.cljs   line:152  column:4  ----[0m

  [1mUse of undeclared Var demo-rated.core/fetch-docs![0m

  [36m148[0m  [36m  (r/render [#'page] (.getElementById js/document "app")))[0m
  [36m149[0m  [36m[0m
  [36m150[0m  [36m(defn init! [][0m
  [36m151[0m  [36m  (load-interceptors!)[0m
  [33m152[0m  [1m  (fetch-docs!)[0m
  [0m   [0m  [33m   ^--- Use of undeclared Var demo-rated.core/fetch-docs![0m
  [36m153[0m  [36m  (hook-browser-navigation!)[0m
  [36m154[0m  [36m  (mount-components))[0m

[36m----  Compiler Warning : Please see src/cljs/demo_rated/core.cljs  ----[0m
[32mSuccessfully compiled "target/cljsbuild/public/js/app.js" in 0.526 seconds.[0m
notifying browser that file changed:  target/cljsbuild/public/js/out/demo_rated/core.js
[0mCompiling "target/cljsbuild/public/js/app.js" from ["src/cljs" "src/cljc" "env/dev/cljs"]...[0m
[32mSuccessfully compiled "target/cljsbuild/public/js/app.js" in 0.487 seconds.[0m
notifying browser that file changed:  target/cljsbuild/public/js/out/demo_rated/core.js
[0mCompiling "target/cljsbuild/public/js/app.js" from ["src/cljs" "src/cljc" "env/dev/cljs"]...[0m
[32mSuccessfully compiled "target/cljsbuild/public/js/app.js" in 0.443 seconds.[0m
notifying browser that file changed:  target/cljsbuild/public/js/out/demo_rated/core.js
[0mCompiling "target/cljsbuild/public/js/app.js" from ["src/cljs" "src/cljc" "env/dev/cljs"]...[0m
[32mSuccessfully compiled "target/cljsbuild/public/js/app.js" in 0.44 seconds.[0m
notifying browser that file changed:  target/cljsbuild/public/js/out/demo_rated/core.js
[0mCompiling "target/cljsbuild/public/js/app.js" from ["src/cljs" "src/cljc" "env/dev/cljs"]...[0m
[32mSuccessfully compiled "target/cljsbuild/public/js/app.js" in 0.496 seconds.[0m
notifying browser that file changed:  target/cljsbuild/public/js/out/demo_rated/core.js
[0mCompiling "target/cljsbuild/public/js/app.js" from ["src/cljs" "src/cljc" "env/dev/cljs"]...[0m
[32mSuccessfully compiled "target/cljsbuild/public/js/app.js" in 0.464 seconds.[0m
notifying browser that file changed:  target/cljsbuild/public/js/out/demo_rated/core.js
[0mCompiling "target/cljsbuild/public/js/app.js" from ["src/cljs" "src/cljc" "env/dev/cljs"]...[0m
[32mSuccessfully compiled "target/cljsbuild/public/js/app.js" in 0.461 seconds.[0m
notifying browser that file changed:  target/cljsbuild/public/js/out/demo_rated/core.js
[0mCompiling "target/cljsbuild/public/js/app.js" from ["src/cljs" "src/cljc" "env/dev/cljs"]...[0m
[32mSuccessfully compiled "target/cljsbuild/public/js/app.js" in 0.488 seconds.[0m
notifying browser that file changed:  target/cljsbuild/public/js/out/demo_rated/core.js
[0mCompiling "target/cljsbuild/public/js/app.js" from ["src/cljs" "src/cljc" "env/dev/cljs"]...[0m
[32mSuccessfully compiled "target/cljsbuild/public/js/app.js" in 0.853 seconds.[0m
notifying browser that file changed:  target/cljsbuild/public/js/out/goog/deps.js
notifying browser that file changed:  target/cljsbuild/public/js/out/cljs_deps.js
notifying browser that file changed:  target/cljsbuild/public/js/out/demo_rated/core.js
[0mCompiling "target/cljsbuild/public/js/app.js" from ["src/cljs" "src/cljc" "env/dev/cljs"]...[0m
[36m----  Compiler Warning on   src/cljs/demo_rated/core.cljs   line:63  column:25  ----[0m

  [1mUse of undeclared Var demo-rated.core/storage[0m

  [36m59[0m  [36m                                    (.log js/console idx)[0m
  [36m60[0m  [36m                                    (.slice file-content 4 idx))[0m
  [36m61[0m  [36m                                  (.-name the-file))][0m
  [36m62[0m  [36m                  (.log js/console (str "file-name " file-name))[0m
  [33m63[0m  [1m                  (.set storage file-name file-content)[0m
  [0m  [0m  [33m                        ^--- Use of undeclared Var demo-rated.core/storage[0m
  [36m64[0m  [36m                  (swap! list-of-code conj file-name))))[0m
  [36m65[0m  [36m        (.readAsText rdr the-file)))))[0m
  [36m66[0m  [36m[0m
  [36m67[0m  [36m(defn handle-drag-over [evt][0m
  [36m68[0m  [36m  (.stopPropagation evt)[0m

[36m----  Compiler Warning : Please see src/cljs/demo_rated/core.cljs  ----[0m
[36m----  Compiler Warning on   src/cljs/demo_rated/core.cljs   line:64  column:26  ----[0m

  [1mUse of undeclared Var demo-rated.core/list-of-code[0m

  [36m60[0m  [36m                                    (.slice file-content 4 idx))[0m
  [36m61[0m  [36m                                  (.-name the-file))][0m
  [36m62[0m  [36m                  (.log js/console (str "file-name " file-name))[0m
  [36m63[0m  [36m                  (.set storage file-name file-content)[0m
  [33m64[0m  [1m                  (swap! list-of-code conj file-name))))[0m
  [0m  [0m  [33m                         ^--- Use of undeclared Var demo-rated.core/list-of-code[0m
  [36m65[0m  [36m        (.readAsText rdr the-file)))))[0m
  [36m66[0m  [36m[0m
  [36m67[0m  [36m(defn handle-drag-over [evt][0m
  [36m68[0m  [36m  (.stopPropagation evt)[0m
  [36m69[0m  [36m  (.preventDefault evt)[0m

[36m----  Compiler Warning : Please see src/cljs/demo_rated/core.cljs  ----[0m
[32mSuccessfully compiled "target/cljsbuild/public/js/app.js" in 0.752 seconds.[0m
notifying browser that file changed:  target/cljsbuild/public/js/out/demo_rated/core.js
[0mCompiling "target/cljsbuild/public/js/app.js" from ["src/cljs" "src/cljc" "env/dev/cljs"]...[0m
[32mSuccessfully compiled "target/cljsbuild/public/js/app.js" in 0.719 seconds.[0m
notifying browser that file changed:  target/cljsbuild/public/js/out/demo_rated/core.js
[0mCompiling "target/cljsbuild/public/js/app.js" from ["src/cljs" "src/cljc" "env/dev/cljs"]...[0m
[32mSuccessfully compiled "target/cljsbuild/public/js/app.js" in 0.576 seconds.[0m
notifying browser that file changed:  target/cljsbuild/public/js/out/demo_rated/core.js
[0mCompiling "target/cljsbuild/public/js/app.js" from ["src/cljs" "src/cljc" "env/dev/cljs"]...[0m
[32mSuccessfully compiled "target/cljsbuild/public/js/app.js" in 0.649 seconds.[0m
notifying browser that file changed:  target/cljsbuild/public/js/out/goog/deps.js
notifying browser that file changed:  target/cljsbuild/public/js/out/cljs_deps.js
notifying browser that file changed:  target/cljsbuild/public/js/out/demo_rated/core.js
[0mCompiling "target/cljsbuild/public/js/app.js" from ["src/cljs" "src/cljc" "env/dev/cljs"]...[0m
[32mSuccessfully compiled "target/cljsbuild/public/js/app.js" in 0.574 seconds.[0m
notifying browser that file changed:  target/cljsbuild/public/js/out/demo_rated/core.js
[0mCompiling "target/cljsbuild/public/js/app.js" from ["src/cljs" "src/cljc" "env/dev/cljs"]...[0m
[32mSuccessfully compiled "target/cljsbuild/public/js/app.js" in 0.613 seconds.[0m
notifying browser that file changed:  target/cljsbuild/public/js/out/demo_rated/core.js
[0mCompiling "target/cljsbuild/public/js/app.js" from ["src/cljs" "src/cljc" "env/dev/cljs"]...[0m
[32mSuccessfully compiled "target/cljsbuild/public/js/app.js" in 0.533 seconds.[0m
notifying browser that file changed:  target/cljsbuild/public/js/out/demo_rated/core.js
[0mCompiling "target/cljsbuild/public/js/app.js" from ["src/cljs" "src/cljc" "env/dev/cljs"]...[0m
[32mSuccessfully compiled "target/cljsbuild/public/js/app.js" in 0.553 seconds.[0m
notifying browser that file changed:  target/cljsbuild/public/js/out/demo_rated/core.js
[0mCompiling "target/cljsbuild/public/js/app.js" from ["src/cljs" "src/cljc" "env/dev/cljs"]...[0m
[32mSuccessfully compiled "target/cljsbuild/public/js/app.js" in 0.558 seconds.[0m
notifying browser that file changed:  target/cljsbuild/public/js/out/demo_rated/core.js
[0mCompiling "target/cljsbuild/public/js/app.js" from ["src/cljs" "src/cljc" "env/dev/cljs"]...[0m
[32mSuccessfully compiled "target/cljsbuild/public/js/app.js" in 0.575 seconds.[0m
notifying browser that file changed:  target/cljsbuild/public/js/out/demo_rated/core.js
[0mCompiling "target/cljsbuild/public/js/app.js" from ["src/cljs" "src/cljc" "env/dev/cljs"]...[0m
[32mSuccessfully compiled "target/cljsbuild/public/js/app.js" in 0.469 seconds.[0m
notifying browser that file changed:  target/cljsbuild/public/js/out/demo_rated/core.js
[0mCompiling "target/cljsbuild/public/js/app.js" from ["src/cljs" "src/cljc" "env/dev/cljs"]...[0m
[32mSuccessfully compiled "target/cljsbuild/public/js/app.js" in 0.461 seconds.[0m
notifying browser that file changed:  target/cljsbuild/public/js/out/demo_rated/core.js
[0mCompiling "target/cljsbuild/public/js/app.js" from ["src/cljs" "src/cljc" "env/dev/cljs"]...[0m
[32mSuccessfully compiled "target/cljsbuild/public/js/app.js" in 0.471 seconds.[0m
notifying browser that file changed:  target/cljsbuild/public/js/out/demo_rated/core.js
[0mCompiling "target/cljsbuild/public/js/app.js" from ["src/cljs" "src/cljc" "env/dev/cljs"]...[0m
[32mSuccessfully compiled "target/cljsbuild/public/js/app.js" in 0.549 seconds.[0m
notifying browser that file changed:  target/cljsbuild/public/js/out/demo_rated/core.js
[0mCompiling "target/cljsbuild/public/js/app.js" from ["src/cljs" "src/cljc" "env/dev/cljs"]...[0m
[32mSuccessfully compiled "target/cljsbuild/public/js/app.js" in 0.461 seconds.[0m
notifying browser that file changed:  target/cljsbuild/public/js/out/demo_rated/core.js
[0mCompiling "target/cljsbuild/public/js/app.js" from ["src/cljs" "src/cljc" "env/dev/cljs"]...[0m
[32mSuccessfully compiled "target/cljsbuild/public/js/app.js" in 0.456 seconds.[0m
notifying browser that file changed:  target/cljsbuild/public/js/out/demo_rated/core.js
[0mCompiling "target/cljsbuild/public/js/app.js" from ["src/cljs" "src/cljc" "env/dev/cljs"]...[0m
[32mSuccessfully compiled "target/cljsbuild/public/js/app.js" in 0.497 seconds.[0m
notifying browser that file changed:  target/cljsbuild/public/js/out/demo_rated/core.js
Notifying browser that CSS file changed: resources/public/css/screen.css
[0mCompiling "target/cljsbuild/public/js/app.js" from ["src/cljs" "src/cljc" "env/dev/cljs"]...[0m
[32mSuccessfully compiled "target/cljsbuild/public/js/app.js" in 0.497 seconds.[0m
notifying browser that file changed:  target/cljsbuild/public/js/out/demo_rated/core.js
Notifying browser that CSS file changed: resources/public/css/screen.css
[0mCompiling "target/cljsbuild/public/js/app.js" from ["src/cljs" "src/cljc" "env/dev/cljs"]...[0m
[32mSuccessfully compiled "target/cljsbuild/public/js/app.js" in 0.45 seconds.[0m
notifying browser that file changed:  target/cljsbuild/public/js/out/demo_rated/core.js
[0mCompiling "target/cljsbuild/public/js/app.js" from ["src/cljs" "src/cljc" "env/dev/cljs"]...[0m
[32mSuccessfully compiled "target/cljsbuild/public/js/app.js" in 0.441 seconds.[0m
notifying browser that file changed:  target/cljsbuild/public/js/out/demo_rated/core.js
Notifying browser that CSS file changed: resources/public/css/screen.css
Notifying browser that CSS file changed: resources/public/css/screen.css
[0mCompiling "target/cljsbuild/public/js/app.js" from ["src/cljs" "src/cljc" "env/dev/cljs"]...[0m
[32mSuccessfully compiled "target/cljsbuild/public/js/app.js" in 0.469 seconds.[0m
notifying browser that file changed:  target/cljsbuild/public/js/out/demo_rated/core.js
[0mCompiling "target/cljsbuild/public/js/app.js" from ["src/cljs" "src/cljc" "env/dev/cljs"]...[0m
[32mSuccessfully compiled "target/cljsbuild/public/js/app.js" in 0.495 seconds.[0m
notifying browser that file changed:  target/cljsbuild/public/js/out/demo_rated/core.js
Notifying browser that CSS file changed: resources/public/css/screen.css
Notifying browser that CSS file changed: resources/public/css/screen.css
[0mCompiling "target/cljsbuild/public/js/app.js" from ["src/cljs" "src/cljc" "env/dev/cljs"]...[0m
[32mSuccessfully compiled "target/cljsbuild/public/js/app.js" in 0.498 seconds.[0m
notifying browser that file changed:  target/cljsbuild/public/js/out/demo_rated/core.js
Notifying browser that CSS file changed: resources/public/css/screen.css
Notifying browser that CSS file changed: resources/public/css/screen.css
Notifying browser that CSS file changed: resources/public/css/screen.css
Notifying browser that CSS file changed: resources/public/css/screen.css
Notifying browser that CSS file changed: resources/public/css/screen.css
Notifying browser that CSS file changed: resources/public/css/screen.css
[0mCompiling "target/cljsbuild/public/js/app.js" from ["src/cljs" "src/cljc" "env/dev/cljs"]...[0m
[32mSuccessfully compiled "target/cljsbuild/public/js/app.js" in 0.43 seconds.[0m
notifying browser that file changed:  target/cljsbuild/public/js/out/demo_rated/core.js
Notifying browser that CSS file changed: resources/public/css/screen.css
Notifying browser that CSS file changed: resources/public/css/screen.css
Notifying browser that CSS file changed: resources/public/css/screen.css
[0mCompiling "target/cljsbuild/public/js/app.js" from ["src/cljs" "src/cljc" "env/dev/cljs"]...[0m
[32mSuccessfully compiled "target/cljsbuild/public/js/app.js" in 0.455 seconds.[0m
notifying browser that file changed:  target/cljsbuild/public/js/out/demo_rated/core.js
Notifying browser that CSS file changed: resources/public/css/screen.css
Notifying browser that CSS file changed: resources/public/css/screen.css
[0mCompiling "target/cljsbuild/public/js/app.js" from ["src/cljs" "src/cljc" "env/dev/cljs"]...[0m
[32mSuccessfully compiled "target/cljsbuild/public/js/app.js" in 0.433 seconds.[0m
notifying browser that file changed:  target/cljsbuild/public/js/out/demo_rated/core.js
[0mCompiling "target/cljsbuild/public/js/app.js" from ["src/cljs" "src/cljc" "env/dev/cljs"]...[0m
[32mSuccessfully compiled "target/cljsbuild/public/js/app.js" in 0.5 seconds.[0m
notifying browser that file changed:  target/cljsbuild/public/js/out/demo_rated/core.js
[0mCompiling "target/cljsbuild/public/js/app.js" from ["src/cljs" "src/cljc" "env/dev/cljs"]...[0m
[32mSuccessfully compiled "target/cljsbuild/public/js/app.js" in 0.442 seconds.[0m
notifying browser that file changed:  target/cljsbuild/public/js/out/demo_rated/core.js
Notifying browser that CSS file changed: resources/public/css/screen.css
[0mCompiling "target/cljsbuild/public/js/app.js" from ["src/cljs" "src/cljc" "env/dev/cljs"]...[0m
[32mSuccessfully compiled "target/cljsbuild/public/js/app.js" in 0.439 seconds.[0m
notifying browser that file changed:  target/cljsbuild/public/js/out/demo_rated/core.js
[0mCompiling "target/cljsbuild/public/js/app.js" from ["src/cljs" "src/cljc" "env/dev/cljs"]...[0m
[32mSuccessfully compiled "target/cljsbuild/public/js/app.js" in 0.473 seconds.[0m
notifying browser that file changed:  target/cljsbuild/public/js/out/demo_rated/core.js
[0mCompiling "target/cljsbuild/public/js/app.js" from ["src/cljs" "src/cljc" "env/dev/cljs"]...[0m
[32mSuccessfully compiled "target/cljsbuild/public/js/app.js" in 0.406 seconds.[0m
notifying browser that file changed:  target/cljsbuild/public/js/out/demo_rated/core.js
Notifying browser that CSS file changed: resources/public/css/screen.css
Notifying browser that CSS file changed: resources/public/css/screen.css
Notifying browser that CSS file changed: resources/public/css/screen.css
[0mCompiling "target/cljsbuild/public/js/app.js" from ["src/cljs" "src/cljc" "env/dev/cljs"]...[0m
[32mSuccessfully compiled "target/cljsbuild/public/js/app.js" in 0.409 seconds.[0m
notifying browser that file changed:  target/cljsbuild/public/js/out/demo_rated/core.js
[0mCompiling "target/cljsbuild/public/js/app.js" from ["src/cljs" "src/cljc" "env/dev/cljs"]...[0m
[32mSuccessfully compiled "target/cljsbuild/public/js/app.js" in 0.407 seconds.[0m
notifying browser that file changed:  target/cljsbuild/public/js/out/demo_rated/core.js
Notifying browser that CSS file changed: resources/public/css/screen.css
Notifying browser that CSS file changed: resources/public/css/screen.css
Notifying browser that CSS file changed: resources/public/css/screen.css
Notifying browser that CSS file changed: resources/public/css/screen.css
Notifying browser that CSS file changed: resources/public/css/screen.css
Notifying browser that CSS file changed: resources/public/css/screen.css
Notifying browser that CSS file changed: resources/public/css/screen.css
Notifying browser that CSS file changed: resources/public/css/screen.css
Notifying browser that CSS file changed: resources/public/css/screen.css
Notifying browser that CSS file changed: resources/public/css/screen.css
Notifying browser that CSS file changed: resources/public/css/screen.css
Notifying browser that CSS file changed: resources/public/css/screen.css
Notifying browser that CSS file changed: resources/public/css/screen.css
Notifying browser that CSS file changed: resources/public/css/screen.css
Notifying browser that CSS file changed: resources/public/css/screen.css
Notifying browser that CSS file changed: resources/public/css/screen.css
Notifying browser that CSS file changed: resources/public/css/screen.css
Notifying browser that CSS file changed: resources/public/css/screen.css
[0mCompiling "target/cljsbuild/public/js/app.js" from ["src/cljs" "src/cljc" "env/dev/cljs"]...[0m
[32mSuccessfully compiled "target/cljsbuild/public/js/app.js" in 0.456 seconds.[0m
notifying browser that file changed:  target/cljsbuild/public/js/out/demo_rated/core.js
Notifying browser that CSS file changed: resources/public/css/screen.css
[0mCompiling "target/cljsbuild/public/js/app.js" from ["src/cljs" "src/cljc" "env/dev/cljs"]...[0m
[32mSuccessfully compiled "target/cljsbuild/public/js/app.js" in 0.426 seconds.[0m
notifying browser that file changed:  target/cljsbuild/public/js/out/demo_rated/core.js
Notifying browser that CSS file changed: resources/public/css/screen.css
Notifying browser that CSS file changed: resources/public/css/screen.css
Notifying browser that CSS file changed: resources/public/css/screen.css
Notifying browser that CSS file changed: resources/public/css/screen.css
Notifying browser that CSS file changed: resources/public/css/screen.css
Notifying browser that CSS file changed: resources/public/css/screen.css
Notifying browser that CSS file changed: resources/public/css/screen.css
Notifying browser that CSS file changed: resources/public/css/screen.css
Notifying browser that CSS file changed: resources/public/css/screen.css
Notifying browser that CSS file changed: resources/public/css/screen.css
Notifying browser that CSS file changed: resources/public/css/screen.css
Notifying browser that CSS file changed: resources/public/css/screen.css
[0mCompiling "target/cljsbuild/public/js/app.js" from ["src/cljs" "src/cljc" "env/dev/cljs"]...[0m
[32mSuccessfully compiled "target/cljsbuild/public/js/app.js" in 0.409 seconds.[0m
notifying browser that file changed:  target/cljsbuild/public/js/out/demo_rated/core.js
[0mCompiling "target/cljsbuild/public/js/app.js" from ["src/cljs" "src/cljc" "env/dev/cljs"]...[0m
[32mSuccessfully compiled "target/cljsbuild/public/js/app.js" in 0.401 seconds.[0m
notifying browser that file changed:  target/cljsbuild/public/js/out/cljs_deps.js
notifying browser that file changed:  target/cljsbuild/public/js/out/demo_rated/core.js
[0mCompiling "target/cljsbuild/public/js/app.js" from ["src/cljs" "src/cljc" "env/dev/cljs"]...[0m
[32mSuccessfully compiled "target/cljsbuild/public/js/app.js" in 0.456 seconds.[0m
notifying browser that file changed:  target/cljsbuild/public/js/out/demo_rated/core.js
[0mCompiling "target/cljsbuild/public/js/app.js" from ["src/cljs" "src/cljc" "env/dev/cljs"]...[0m
[32mSuccessfully compiled "target/cljsbuild/public/js/app.js" in 0.391 seconds.[0m
notifying browser that file changed:  target/cljsbuild/public/js/out/demo_rated/core.js
[0mCompiling "target/cljsbuild/public/js/app.js" from ["src/cljs" "src/cljc" "env/dev/cljs"]...[0m
[32mSuccessfully compiled "target/cljsbuild/public/js/app.js" in 0.402 seconds.[0m
notifying browser that file changed:  target/cljsbuild/public/js/out/demo_rated/core.js
[0mCompiling "target/cljsbuild/public/js/app.js" from ["src/cljs" "src/cljc" "env/dev/cljs"]...[0m
[32mSuccessfully compiled "target/cljsbuild/public/js/app.js" in 0.436 seconds.[0m
notifying browser that file changed:  target/cljsbuild/public/js/out/demo_rated/core.js
[0mCompiling "target/cljsbuild/public/js/app.js" from ["src/cljs" "src/cljc" "env/dev/cljs"]...[0m
[36m----  Compiler Warning on   src/cljs/demo_rated/core.cljs   line:43  column:25  ----[0m

  [1mNo such namespace: dargula, could not locate dargula.cljs, dargula.cljc, or JavaScript source providing ""[0m

  [36m39[0m  [36m         [nav-link "#/" "Home" :home collapsed?]]]])))[0m
  [36m40[0m  [36m[0m
  [36m41[0m  [36m(defn draggable-button [][0m
  [36m42[0m  [36m  [:div[0m
  [33m43[0m  [1m   (.push (.containers (dargula/dragula {:copy true})) dragula/container)[0m
  [0m  [0m  [33m                        ^--- No such namespace: dargula, could not locate dargula.cljs, dargula.cljc, or JavaScript source providing ""[0m
  [36m44[0m  [36m   [:div {:id "left1"}][0m
  [36m45[0m  [36m   [:div {:id "center1"}][0m
  [36m46[0m  [36m   [:div {:id "right1"}]])[0m
  [36m47[0m  [36m[0m
  [36m48[0m  [36m(defn about-page [][0m

[36m----  Compiler Warning : Please see src/cljs/demo_rated/core.cljs  ----[0m
[36m----  Compiler Warning on   src/cljs/demo_rated/core.cljs   line:43  column:25  ----[0m

  [1mUse of undeclared Var dargula/dragula[0m

  [36m39[0m  [36m         [nav-link "#/" "Home" :home collapsed?]]]])))[0m
  [36m40[0m  [36m[0m
  [36m41[0m  [36m(defn draggable-button [][0m
  [36m42[0m  [36m  [:div[0m
  [33m43[0m  [1m   (.push (.containers (dargula/dragula {:copy true})) dragula/container)[0m
  [0m  [0m  [33m                        ^--- Use of undeclared Var dargula/dragula[0m
  [36m44[0m  [36m   [:div {:id "left1"}][0m
  [36m45[0m  [36m   [:div {:id "center1"}][0m
  [36m46[0m  [36m   [:div {:id "right1"}]])[0m
  [36m47[0m  [36m[0m
  [36m48[0m  [36m(defn about-page [][0m

[36m----  Compiler Warning : Please see src/cljs/demo_rated/core.cljs  ----[0m
[32mSuccessfully compiled "target/cljsbuild/public/js/app.js" in 0.45 seconds.[0m
notifying browser that file changed:  target/cljsbuild/public/js/out/demo_rated/core.js
[0mCompiling "target/cljsbuild/public/js/app.js" from ["src/cljs" "src/cljc" "env/dev/cljs"]...[0m
[31mFailed to compile "target/cljsbuild/public/js/app.js" in 0.237 seconds.[0m
[36m----  Could not Read  src/cljs/demo_rated/core.cljs   line:43 ----[0m

  [1m/home/radhakrishna/mindseed-rated-reps/demo-rated/src/cljs/demo_rated/core.cljs [line 43, col 43] Invalid symbol: js/dargula/dragula.[0m

  [36m41[0m  [36m(defn draggable-button [][0m
  [36m42[0m  [36m  [:div[0m
  [33m43[0m  [1m   (.push (.containers (js/dargula/dragula {:copy true})) dragula/container)[0m
  [0m  [0m  [33m   /home/radhakrishna/mindseed-rated-reps/demo-rated/src/cljs/demo_rated/core.cljs [line 43, col 43] Invalid symbol: js/dargula/dragula.[0m
  [36m44[0m  [36m   [:div {:id "left1"}][0m
  [36m45[0m  [36m   [:div {:id "center1"}][0m
  [36m46[0m  [36m   [:div {:id "right1"}]])[0m

[36m----  Reader Error : Please see src/cljs/demo_rated/core.cljs  ----[0m
[0mCompiling "target/cljsbuild/public/js/app.js" from ["src/cljs" "src/cljc" "env/dev/cljs"]...[0m
[36m----  Compiler Warning on   src/cljs/demo_rated/core.cljs   line:43  column:25  ----[0m

  [1mNo such namespace: dargula, could not locate dargula.cljs, dargula.cljc, or JavaScript source providing ""[0m

  [36m39[0m  [36m         [nav-link "#/" "Home" :home collapsed?]]]])))[0m
  [36m40[0m  [36m[0m
  [36m41[0m  [36m(defn draggable-button [][0m
  [36m42[0m  [36m  [:div[0m
  [33m43[0m  [1m   (.push (.containers (dargula/dragula {:copy true})) dragula/container)[0m
  [0m  [0m  [33m                        ^--- No such namespace: dargula, could not locate dargula.cljs, dargula.cljc, or JavaScript source providing ""[0m
  [36m44[0m  [36m   [:div {:id "left1"}][0m
  [36m45[0m  [36m   [:div {:id "center1"}][0m
  [36m46[0m  [36m   [:div {:id "right1"}]])[0m
  [36m47[0m  [36m[0m
  [36m48[0m  [36m(defn about-page [][0m

[36m----  Compiler Warning : Please see src/cljs/demo_rated/core.cljs  ----[0m
[36m----  Compiler Warning on   src/cljs/demo_rated/core.cljs   line:43  column:25  ----[0m

  [1mUse of undeclared Var dargula/dragula[0m

  [36m39[0m  [36m         [nav-link "#/" "Home" :home collapsed?]]]])))[0m
  [36m40[0m  [36m[0m
  [36m41[0m  [36m(defn draggable-button [][0m
  [36m42[0m  [36m  [:div[0m
  [33m43[0m  [1m   (.push (.containers (dargula/dragula {:copy true})) dragula/container)[0m
  [0m  [0m  [33m                        ^--- Use of undeclared Var dargula/dragula[0m
  [36m44[0m  [36m   [:div {:id "left1"}][0m
  [36m45[0m  [36m   [:div {:id "center1"}][0m
  [36m46[0m  [36m   [:div {:id "right1"}]])[0m
  [36m47[0m  [36m[0m
  [36m48[0m  [36m(defn about-page [][0m

[36m----  Compiler Warning : Please see src/cljs/demo_rated/core.cljs  ----[0m
[32mSuccessfully compiled "target/cljsbuild/public/js/app.js" in 0.448 seconds.[0m
notifying browser that file changed:  target/cljsbuild/public/js/out/demo_rated/core.js
[0mCompiling "target/cljsbuild/public/js/app.js" from ["src/cljs" "src/cljc" "env/dev/cljs"]...[0m
[36m----  Compiler Warning on   src/cljs/demo_rated/core.cljs   line:43  column:25  ----[0m

  [1mNo such namespace: dargula, could not locate dargula.cljs, dargula.cljc, or JavaScript source providing ""[0m

  [36m39[0m  [36m         [nav-link "#/" "Home" :home collapsed?]]]])))[0m
  [36m40[0m  [36m[0m
  [36m41[0m  [36m(defn draggable-button [][0m
  [36m42[0m  [36m  [:div[0m
  [33m43[0m  [1m   (.push (.containers (dargula/dragula {:copy true})) dragula/container)[0m
  [0m  [0m  [33m                        ^--- No such namespace: dargula, could not locate dargula.cljs, dargula.cljc, or JavaScript source providing ""[0m
  [36m44[0m  [36m   [:div {:id "left1"}][0m
  [36m45[0m  [36m   [:div {:id "center1"}][0m
  [36m46[0m  [36m   [:div {:id "right1"}]])[0m
  [36m47[0m  [36m[0m
  [36m48[0m  [36m(defn about-page [][0m

[36m----  Compiler Warning : Please see src/cljs/demo_rated/core.cljs  ----[0m
[36m----  Compiler Warning on   src/cljs/demo_rated/core.cljs   line:43  column:25  ----[0m

  [1mUse of undeclared Var dargula/dragula[0m

  [36m39[0m  [36m         [nav-link "#/" "Home" :home collapsed?]]]])))[0m
  [36m40[0m  [36m[0m
  [36m41[0m  [36m(defn draggable-button [][0m
  [36m42[0m  [36m  [:div[0m
  [33m43[0m  [1m   (.push (.containers (dargula/dragula {:copy true})) dragula/container)[0m
  [0m  [0m  [33m                        ^--- Use of undeclared Var dargula/dragula[0m
  [36m44[0m  [36m   [:div {:id "left1"}][0m
  [36m45[0m  [36m   [:div {:id "center1"}][0m
  [36m46[0m  [36m   [:div {:id "right1"}]])[0m
  [36m47[0m  [36m[0m
  [36m48[0m  [36m(defn about-page [][0m

[36m----  Compiler Warning : Please see src/cljs/demo_rated/core.cljs  ----[0m
[36m----  Compiler Warning on   src/cljs/demo_rated/core.cljs   line:43  column:56  ----[0m

  [1mNo such namespace: dragula, could not locate dragula.cljs, dragula.cljc, or JavaScript source providing ""[0m

  [36m39[0m  [36m         [nav-link "#/" "Home" :home collapsed?]]]])))[0m
  [36m40[0m  [36m[0m
  [36m41[0m  [36m(defn draggable-button [][0m
  [36m42[0m  [36m  [:div[0m
  [33m43[0m  [1m   (.push (.containers (dargula/dragula {:copy true})) dragula/container)[0m
  [0m  [0m  [33m                                                       ^--- No such namespace: dragula, could not locate dragula.cljs, dragula.cljc, or JavaScript source providing ""[0m
  [36m44[0m  [36m   [:div {:id "left1"}][0m
  [36m45[0m  [36m   [:div {:id "center1"}][0m
  [36m46[0m  [36m   [:div {:id "right1"}]])[0m
  [36m47[0m  [36m[0m
  [36m48[0m  [36m(defn about-page [][0m

[36m----  Compiler Warning : Please see src/cljs/demo_rated/core.cljs  ----[0m
[36m----  Compiler Warning on   src/cljs/demo_rated/core.cljs   line:43  column:56  ----[0m

  [1mUse of undeclared Var dragula/container[0m

  [36m39[0m  [36m         [nav-link "#/" "Home" :home collapsed?]]]])))[0m
  [36m40[0m  [36m[0m
  [36m41[0m  [36m(defn draggable-button [][0m
  [36m42[0m  [36m  [:div[0m
  [33m43[0m  [1m   (.push (.containers (dargula/dragula {:copy true})) dragula/container)[0m
  [0m  [0m  [33m                                                       ^--- Use of undeclared Var dragula/container[0m
  [36m44[0m  [36m   [:div {:id "left1"}][0m
  [36m45[0m  [36m   [:div {:id "center1"}][0m
  [36m46[0m  [36m   [:div {:id "right1"}]])[0m
  [36m47[0m  [36m[0m
  [36m48[0m  [36m(defn about-page [][0m

[36m----  Compiler Warning : Please see src/cljs/demo_rated/core.cljs  ----[0m
[32mSuccessfully compiled "target/cljsbuild/public/js/app.js" in 0.519 seconds.[0m
notifying browser that file changed:  target/cljsbuild/public/js/out/demo_rated/core.js
[0mCompiling "target/cljsbuild/public/js/app.js" from ["src/cljs" "src/cljc" "env/dev/cljs"]...[0m
[36m----  Compiler Warning on   src/cljs/demo_rated/core.cljs   line:43  column:25  ----[0m

  [1mNo such namespace: darg, could not locate darg.cljs, darg.cljc, or JavaScript source providing ""[0m

  [36m39[0m  [36m         [nav-link "#/" "Home" :home collapsed?]]]])))[0m
  [36m40[0m  [36m[0m
  [36m41[0m  [36m(defn draggable-button [][0m
  [36m42[0m  [36m  [:div[0m
  [33m43[0m  [1m   (.push (.containers (darg/dragula {:copy true})) dragula/container)[0m
  [0m  [0m  [33m                        ^--- No such namespace: darg, could not locate darg.cljs, darg.cljc, or JavaScript source providing ""[0m
  [36m44[0m  [36m   [:div {:id "left1"}][0m
  [36m45[0m  [36m   [:div {:id "center1"}][0m
  [36m46[0m  [36m   [:div {:id "right1"}]])[0m
  [36m47[0m  [36m[0m
  [36m48[0m  [36m(defn about-page [][0m

[36m----  Compiler Warning : Please see src/cljs/demo_rated/core.cljs  ----[0m
[36m----  Compiler Warning on   src/cljs/demo_rated/core.cljs   line:43  column:25  ----[0m

  [1mUse of undeclared Var darg/dragula[0m

  [36m39[0m  [36m         [nav-link "#/" "Home" :home collapsed?]]]])))[0m
  [36m40[0m  [36m[0m
  [36m41[0m  [36m(defn draggable-button [][0m
  [36m42[0m  [36m  [:div[0m
  [33m43[0m  [1m   (.push (.containers (darg/dragula {:copy true})) dragula/container)[0m
  [0m  [0m  [33m                        ^--- Use of undeclared Var darg/dragula[0m
  [36m44[0m  [36m   [:div {:id "left1"}][0m
  [36m45[0m  [36m   [:div {:id "center1"}][0m
  [36m46[0m  [36m   [:div {:id "right1"}]])[0m
  [36m47[0m  [36m[0m
  [36m48[0m  [36m(defn about-page [][0m

[36m----  Compiler Warning : Please see src/cljs/demo_rated/core.cljs  ----[0m
[36m----  Compiler Warning on   src/cljs/demo_rated/core.cljs   line:43  column:53  ----[0m

  [1mNo such namespace: dragula, could not locate dragula.cljs, dragula.cljc, or JavaScript source providing ""[0m

  [36m39[0m  [36m         [nav-link "#/" "Home" :home collapsed?]]]])))[0m
  [36m40[0m  [36m[0m
  [36m41[0m  [36m(defn draggable-button [][0m
  [36m42[0m  [36m  [:div[0m
  [33m43[0m  [1m   (.push (.containers (darg/dragula {:copy true})) dragula/container)[0m
  [0m  [0m  [33m                                                    ^--- No such namespace: dragula, could not locate dragula.cljs, dragula.cljc, or JavaScript source providing ""[0m
  [36m44[0m  [36m   [:div {:id "left1"}][0m
  [36m45[0m  [36m   [:div {:id "center1"}][0m
  [36m46[0m  [36m   [:div {:id "right1"}]])[0m
  [36m47[0m  [36m[0m
  [36m48[0m  [36m(defn about-page [][0m

[36m----  Compiler Warning : Please see src/cljs/demo_rated/core.cljs  ----[0m
[36m----  Compiler Warning on   src/cljs/demo_rated/core.cljs   line:43  column:53  ----[0m

  [1mUse of undeclared Var dragula/container[0m

  [36m39[0m  [36m         [nav-link "#/" "Home" :home collapsed?]]]])))[0m
  [36m40[0m  [36m[0m
  [36m41[0m  [36m(defn draggable-button [][0m
  [36m42[0m  [36m  [:div[0m
  [33m43[0m  [1m   (.push (.containers (darg/dragula {:copy true})) dragula/container)[0m
  [0m  [0m  [33m                                                    ^--- Use of undeclared Var dragula/container[0m
  [36m44[0m  [36m   [:div {:id "left1"}][0m
  [36m45[0m  [36m   [:div {:id "center1"}][0m
  [36m46[0m  [36m   [:div {:id "right1"}]])[0m
  [36m47[0m  [36m[0m
  [36m48[0m  [36m(defn about-page [][0m

[36m----  Compiler Warning : Please see src/cljs/demo_rated/core.cljs  ----[0m
[32mSuccessfully compiled "target/cljsbuild/public/js/app.js" in 0.474 seconds.[0m
notifying browser that file changed:  target/cljsbuild/public/js/out/demo_rated/core.js
[0mCompiling "target/cljsbuild/public/js/app.js" from ["src/cljs" "src/cljc" "env/dev/cljs"]...[0m
[36m----  Compiler Warning on   src/cljs/demo_rated/core.cljs   line:43  column:51  ----[0m

  [1mNo such namespace: dragula, could not locate dragula.cljs, dragula.cljc, or JavaScript source providing ""[0m

  [36m39[0m  [36m         [nav-link "#/" "Home" :home collapsed?]]]])))[0m
  [36m40[0m  [36m[0m
  [36m41[0m  [36m(defn draggable-button [][0m
  [36m42[0m  [36m  [:div[0m
  [33m43[0m  [1m   (.push (.containers (js/dragula {:copy true})) dragula/container)[0m
  [0m  [0m  [33m                                                  ^--- No such namespace: dragula, could not locate dragula.cljs, dragula.cljc, or JavaScript source providing ""[0m
  [36m44[0m  [36m   [:div {:id "left1"}][0m
  [36m45[0m  [36m   [:div {:id "center1"}][0m
  [36m46[0m  [36m   [:div {:id "right1"}]])[0m
  [36m47[0m  [36m[0m
  [36m48[0m  [36m(defn about-page [][0m

[36m----  Compiler Warning : Please see src/cljs/demo_rated/core.cljs  ----[0m
[36m----  Compiler Warning on   src/cljs/demo_rated/core.cljs   line:43  column:51  ----[0m

  [1mUse of undeclared Var dragula/container[0m

  [36m39[0m  [36m         [nav-link "#/" "Home" :home collapsed?]]]])))[0m
  [36m40[0m  [36m[0m
  [36m41[0m  [36m(defn draggable-button [][0m
  [36m42[0m  [36m  [:div[0m
  [33m43[0m  [1m   (.push (.containers (js/dragula {:copy true})) dragula/container)[0m
  [0m  [0m  [33m                                                  ^--- Use of undeclared Var dragula/container[0m
  [36m44[0m  [36m   [:div {:id "left1"}][0m
  [36m45[0m  [36m   [:div {:id "center1"}][0m
  [36m46[0m  [36m   [:div {:id "right1"}]])[0m
  [36m47[0m  [36m[0m
  [36m48[0m  [36m(defn about-page [][0m

[36m----  Compiler Warning : Please see src/cljs/demo_rated/core.cljs  ----[0m
[32mSuccessfully compiled "target/cljsbuild/public/js/app.js" in 0.437 seconds.[0m
notifying browser that file changed:  target/cljsbuild/public/js/out/demo_rated/core.js
[0mCompiling "target/cljsbuild/public/js/app.js" from ["src/cljs" "src/cljc" "env/dev/cljs"]...[0m
[36m----  Compiler Warning on   src/cljs/demo_rated/core.cljs   line:43  column:51  ----[0m

  [1mUse of undeclared Var demo-rated.core/container[0m

  [36m39[0m  [36m         [nav-link "#/" "Home" :home collapsed?]]]])))[0m
  [36m40[0m  [36m[0m
  [36m41[0m  [36m(defn draggable-button [][0m
  [36m42[0m  [36m  [:div[0m
  [33m43[0m  [1m   (.push (.containers (js/dragula {:copy true})) container)[0m
  [0m  [0m  [33m                                                  ^--- Use of undeclared Var demo-rated.core/container[0m
  [36m44[0m  [36m   [:div {:id "left1"}][0m
  [36m45[0m  [36m   [:div {:id "center1"}][0m
  [36m46[0m  [36m   [:div {:id "right1"}]])[0m
  [36m47[0m  [36m[0m
  [36m48[0m  [36m(defn about-page [][0m

[36m----  Compiler Warning : Please see src/cljs/demo_rated/core.cljs  ----[0m
[32mSuccessfully compiled "target/cljsbuild/public/js/app.js" in 0.472 seconds.[0m
notifying browser that file changed:  target/cljsbuild/public/js/out/demo_rated/core.js
[0mCompiling "target/cljsbuild/public/js/app.js" from ["src/cljs" "src/cljc" "env/dev/cljs"]...[0m
[32mSuccessfully compiled "target/cljsbuild/public/js/app.js" in 0.383 seconds.[0m
notifying browser that file changed:  target/cljsbuild/public/js/out/demo_rated/core.js
[0mCompiling "target/cljsbuild/public/js/app.js" from ["src/cljs" "src/cljc" "env/dev/cljs"]...[0m
[32mSuccessfully compiled "target/cljsbuild/public/js/app.js" in 0.389 seconds.[0m
notifying browser that file changed:  target/cljsbuild/public/js/out/demo_rated/core.js
[0mCompiling "target/cljsbuild/public/js/app.js" from ["src/cljs" "src/cljc" "env/dev/cljs"]...[0m
[32mSuccessfully compiled "target/cljsbuild/public/js/app.js" in 0.436 seconds.[0m
notifying browser that file changed:  target/cljsbuild/public/js/out/demo_rated/core.js
[0mCompiling "target/cljsbuild/public/js/app.js" from ["src/cljs" "src/cljc" "env/dev/cljs"]...[0m
[32mSuccessfully compiled "target/cljsbuild/public/js/app.js" in 0.473 seconds.[0m
notifying browser that file changed:  target/cljsbuild/public/js/out/cljs_deps.js
notifying browser that file changed:  target/cljsbuild/public/js/out/demo_rated/core.js
[0mCompiling "target/cljsbuild/public/js/app.js" from ["src/cljs" "src/cljc" "env/dev/cljs"]...[0m
[32mSuccessfully compiled "target/cljsbuild/public/js/app.js" in 0.407 seconds.[0m
notifying browser that file changed:  target/cljsbuild/public/js/out/demo_rated/core.js
[0mCompiling "target/cljsbuild/public/js/app.js" from ["src/cljs" "src/cljc" "env/dev/cljs"]...[0m
[32mSuccessfully compiled "target/cljsbuild/public/js/app.js" in 0.41 seconds.[0m
notifying browser that file changed:  target/cljsbuild/public/js/out/demo_rated/core.js
[0mCompiling "target/cljsbuild/public/js/app.js" from ["src/cljs" "src/cljc" "env/dev/cljs"]...[0m
[32mSuccessfully compiled "target/cljsbuild/public/js/app.js" in 0.444 seconds.[0m
notifying browser that file changed:  target/cljsbuild/public/js/out/demo_rated/core.js
[0mCompiling "target/cljsbuild/public/js/app.js" from ["src/cljs" "src/cljc" "env/dev/cljs"]...[0m
[32mSuccessfully compiled "target/cljsbuild/public/js/app.js" in 0.4 seconds.[0m
notifying browser that file changed:  target/cljsbuild/public/js/out/demo_rated/core.js
Notifying browser that CSS file changed: resources/public/css/screen.css
[0mCompiling "target/cljsbuild/public/js/app.js" from ["src/cljs" "src/cljc" "env/dev/cljs"]...[0m
[32mSuccessfully compiled "target/cljsbuild/public/js/app.js" in 0.448 seconds.[0m
notifying browser that file changed:  target/cljsbuild/public/js/out/demo_rated/core.js
[0mCompiling "target/cljsbuild/public/js/app.js" from ["src/cljs" "src/cljc" "env/dev/cljs"]...[0m
[31mFailed to compile "target/cljsbuild/public/js/app.js" in 0.239 seconds.[0m
[36m----  Could not Read  src/cljs/demo_rated/core.cljs   line:124 ----[0m

  [1m/home/radhakrishna/mindseed-rated-reps/demo-rated/src/cljs/demo_rated/core.cljs [line 124, col 64] Invalid symbol: js/event/dataTransfer.[0m

  [36m122[0m  [36m             (after-drag (:y @draggable)))}[0m
  [36m123[0m  [36m    "Drag me"][0m
  [33m124[0m  [1m [:p {:on-drag-start (fn [e] (.setData js/event/dataTransfer "Text" (.-id (.target js/event))))} "drag me"]][0m
  [0m   [0m  [33m /home/radhakrishna/mindseed-rated-reps/demo-rated/src/cljs/demo_rated/core.cljs [line 124, col 64] Invalid symbol: js/event/dataTransfer.[0m
  [36m125[0m  [36m[:div {:class "center1"}][0m
  [36m126[0m  [36m[:div {:class "right1"}]])[0m

[36m----  Reader Error : Please see src/cljs/demo_rated/core.cljs  ----[0m
[0mCompiling "target/cljsbuild/public/js/app.js" from ["src/cljs" "src/cljc" "env/dev/cljs"]...[0m
[32mSuccessfully compiled "target/cljsbuild/public/js/app.js" in 0.405 seconds.[0m
notifying browser that file changed:  target/cljsbuild/public/js/out/demo_rated/core.js
[0mCompiling "target/cljsbuild/public/js/app.js" from ["src/cljs" "src/cljc" "env/dev/cljs"]...[0m
[32mSuccessfully compiled "target/cljsbuild/public/js/app.js" in 0.403 seconds.[0m
notifying browser that file changed:  target/cljsbuild/public/js/out/demo_rated/core.js
[0mCompiling "target/cljsbuild/public/js/app.js" from ["src/cljs" "src/cljc" "env/dev/cljs"]...[0m
[31mFailed to compile "target/cljsbuild/public/js/app.js" in 0.272 seconds.[0m
[36m----  Could not Analyze  src/cljs/demo_rated/core.cljs   line:124  column:33  ----[0m

  [1mUnknown dot form of (. (.dataTransfer e) -setData ("Text" (.-id (.target e)))) with classification [:cljs.analyzer/expr :cljs.analyzer/property :cljs.analyzer/expr][0m

  [36m122[0m  [36m             (after-drag (:y @draggable)))}[0m
  [36m123[0m  [36m    "Drag me"][0m
  [33m124[0m  [1m [:p {:on-drag-start (fn [e] (.-setData (.dataTransfer e) "Text" (.-id (.target e)))) :draggable true :id "dragtarget"} "drag me"]][0m
  [0m   [0m  [33m                             ^--- Unknown dot form of (. (.dataTransfer e) -setData ("Text" (.-id (.target e)))) with classification [:cljs.analyzer/expr :cljs.analyzer/property :cljs.analyzer/expr][0m
  [36m125[0m  [36m[:div {:class "center1"}][0m
  [36m126[0m  [36m[:div {:class "right1"}]])[0m

[36m----  Analysis Error : Please see src/cljs/demo_rated/core.cljs  ----[0m
[0mCompiling "target/cljsbuild/public/js/app.js" from ["src/cljs" "src/cljc" "env/dev/cljs"]...[0m
[32mSuccessfully compiled "target/cljsbuild/public/js/app.js" in 0.409 seconds.[0m
notifying browser that file changed:  target/cljsbuild/public/js/out/demo_rated/core.js
[0mCompiling "target/cljsbuild/public/js/app.js" from ["src/cljs" "src/cljc" "env/dev/cljs"]...[0m
[36m----  Compiler Warning on   src/cljs/demo_rated/core.cljs   line:111  column:1  ----[0m

  [1mdrop already refers to: cljs.core/drop being replaced by: demo-rated.core/drop[0m

  [36m107[0m  [36m                       :alive? true})))[0m
  [36m108[0m  [36m[0m
  [36m109[0m  [36m;; Rea[ct|gent] components[0m
  [36m110[0m  [36m[0m
  [33m111[0m  [1m(defn drop [e][0m
  [0m   [0m  [33m^--- drop already refers to: cljs.core/drop being replaced by: demo-rated.core/drop[0m
  [36m112[0m  [36m  )[0m
  [36m113[0m  [36m[0m
  [36m114[0m  [36m(defn draggable-button [][0m
  [36m115[0m  [36m  [:div[0m
  [36m116[0m  [36m   [:h1 (pr-str @draggable)][0m

[36m----  Compiler Warning : Please see src/cljs/demo_rated/core.cljs  ----[0m
[31mFailed to compile "target/cljsbuild/public/js/app.js" in 0.265 seconds.[0m
[36m----  Could not Read  src/cljs/demo_rated/core.cljs   line:117 ----[0m

  [1m/home/radhakrishna/mindseed-rated-reps/demo-rated/src/cljs/demo_rated/core.cljs [line 117, col 36] The map literal starting with :class on line 117 column 10 contains 3 form(s). Map literals must contain an even number of forms.[0m

  [36m115[0m  [36m[:div[0m
  [36m116[0m  [36m [:h1 (pr-str @draggable)][0m
  [33m117[0m  [1m [:div {:class "left1" :on-drop }[0m
  [0m   [0m  [33m /home/radhakrishna/mindseed-rated-reps/demo-rated/src/cljs/demo_rated/core.cljs [line 117, col 36] The map literal starting with :class on line 117 column 10 contains 3 form(s). Map literals must contain an even number of forms.[0m
  [36m118[0m  [36m  #_[:button.btn.btn-default[0m
  [36m119[0m  [36m   {:style         {:position "absolute"[0m
  [36m120[0m  [36m                    :left     (str (:x @draggable) "px") ;[0m

[36m----  Reader Error : Please see src/cljs/demo_rated/core.cljs  ----[0m
[0mCompiling "target/cljsbuild/public/js/app.js" from ["src/cljs" "src/cljc" "env/dev/cljs"]...[0m
[36m----  Compiler Warning on   src/cljs/demo_rated/core.cljs   line:111  column:1  ----[0m

  [1mdrop already refers to: cljs.core/drop being replaced by: demo-rated.core/drop[0m

  [36m107[0m  [36m                       :alive? true})))[0m
  [36m108[0m  [36m[0m
  [36m109[0m  [36m;; Rea[ct|gent] components[0m
  [36m110[0m  [36m[0m
  [33m111[0m  [1m(defn drop [e][0m
  [0m   [0m  [33m^--- drop already refers to: cljs.core/drop being replaced by: demo-rated.core/drop[0m
  [36m112[0m  [36m  )[0m
  [36m113[0m  [36m[0m
  [36m114[0m  [36m(defn draggable-button [][0m
  [36m115[0m  [36m  [:div[0m
  [36m116[0m  [36m   [:h1 (pr-str @draggable)][0m

[36m----  Compiler Warning : Please see src/cljs/demo_rated/core.cljs  ----[0m
[36m----  Compiler Warning on   src/cljs/demo_rated/core.cljs   line:117  column:36  ----[0m

  [1mWrong number of args (0) passed to demo-rated.core/drop[0m

  [36m114[0m  [36m(defn draggable-button [][0m
  [36m115[0m  [36m  [:div[0m
  [36m116[0m  [36m   [:h1 (pr-str @draggable)][0m
  [33m117[0m  [1m   [:div {:class "left1" :on-drop #(drop)}[0m
  [0m   [0m  [33m                                   ^--- Wrong number of args (0) passed to demo-rated.core/drop[0m
  [36m118[0m  [36m    #_[:button.btn.btn-default[0m
  [36m119[0m  [36m     {:style         {:position "absolute"[0m
  [36m120[0m  [36m                      :left     (str (:x @draggable) "px") ;[0m
  [36m121[0m  [36m                      :top      (str (:y @draggable) "px")}[0m
  [36m122[0m  [36m      :on-mouse-down mouse-down-handler[0m

[36m----  Compiler Warning : Please see src/cljs/demo_rated/core.cljs  ----[0m
[32mSuccessfully compiled "target/cljsbuild/public/js/app.js" in 0.486 seconds.[0m
notifying browser that file changed:  target/cljsbuild/public/js/out/demo_rated/core.js
[0mCompiling "target/cljsbuild/public/js/app.js" from ["src/cljs" "src/cljc" "env/dev/cljs"]...[0m
[36m----  Compiler Warning on   src/cljs/demo_rated/core.cljs   line:117  column:36  ----[0m

  [1mWrong number of args (0) passed to demo-rated.core/dropp[0m

  [36m114[0m  [36m(defn draggable-button [][0m
  [36m115[0m  [36m  [:div[0m
  [36m116[0m  [36m   [:h1 (pr-str @draggable)][0m
  [33m117[0m  [1m   [:div {:class "left1" :on-drop #(dropp)}[0m
  [0m   [0m  [33m                                   ^--- Wrong number of args (0) passed to demo-rated.core/dropp[0m
  [36m118[0m  [36m    #_[:button.btn.btn-default[0m
  [36m119[0m  [36m     {:style         {:position "absolute"[0m
  [36m120[0m  [36m                      :left     (str (:x @draggable) "px") ;[0m
  [36m121[0m  [36m                      :top      (str (:y @draggable) "px")}[0m
  [36m122[0m  [36m      :on-mouse-down mouse-down-handler[0m

[36m----  Compiler Warning : Please see src/cljs/demo_rated/core.cljs  ----[0m
[32mSuccessfully compiled "target/cljsbuild/public/js/app.js" in 0.445 seconds.[0m
notifying browser that file changed:  target/cljsbuild/public/js/out/demo_rated/core.js
[0mCompiling "target/cljsbuild/public/js/app.js" from ["src/cljs" "src/cljc" "env/dev/cljs"]...[0m
[32mSuccessfully compiled "target/cljsbuild/public/js/app.js" in 0.406 seconds.[0m
notifying browser that file changed:  target/cljsbuild/public/js/out/demo_rated/core.js
[0mCompiling "target/cljsbuild/public/js/app.js" from ["src/cljs" "src/cljc" "env/dev/cljs"]...[0m
[31mFailed to compile "target/cljsbuild/public/js/app.js" in 0.258 seconds.[0m
[36m----  Could not Read  src/cljs/demo_rated/core.cljs   line:113 ----[0m

  [1m/home/radhakrishna/mindseed-rated-reps/demo-rated/src/cljs/demo_rated/core.cljs [line 113, col 47] The map literal starting with :style on line 107 column 6 contains 5 form(s). Map literals must contain an even number of forms.[0m

  [36m111[0m  [36m   :onDrop (fn [e][0m
  [36m112[0m  [36m             (.log js/console "@@@@@")[0m
  [33m113[0m  [1m             (after-drag (:y @draggable)))}[0m
  [0m   [0m  [33m             /home/radhakrishna/mindseed-rated-reps/demo-rated/src/cljs/demo_rated/core.cljs [line 113, col 47] The map literal starting with :style on line 107 column 6 contains 5 form(s). Map literals must contain an even number of forms.[0m
  [36m114[0m  [36m    "Drag me"][0m
  [36m115[0m  [36m [:p {:on-drag-start (fn [e] (.setData events.dataTransfer  "Text" (.-id events.target))) :draggable true :id "dragtarget"} "drag me"]][0m
  [36m116[0m  [36m[:div {:class "center1"}][0m

[36m----  Reader Error : Please see src/cljs/demo_rated/core.cljs  ----[0m
[0mCompiling "target/cljsbuild/public/js/app.js" from ["src/cljs" "src/cljc" "env/dev/cljs"]...[0m
[32mSuccessfully compiled "target/cljsbuild/public/js/app.js" in 0.416 seconds.[0m
notifying browser that file changed:  target/cljsbuild/public/js/out/demo_rated/core.js
[0mCompiling "target/cljsbuild/public/js/app.js" from ["src/cljs" "src/cljc" "env/dev/cljs"]...[0m
[32mSuccessfully compiled "target/cljsbuild/public/js/app.js" in 0.428 seconds.[0m
notifying browser that file changed:  target/cljsbuild/public/js/out/demo_rated/core.js
[0mCompiling "target/cljsbuild/public/js/app.js" from ["src/cljs" "src/cljc" "env/dev/cljs"]...[0m
[32mSuccessfully compiled "target/cljsbuild/public/js/app.js" in 0.481 seconds.[0m
notifying browser that file changed:  target/cljsbuild/public/js/out/demo_rated/core.js
[0mCompiling "target/cljsbuild/public/js/app.js" from ["src/cljs" "src/cljc" "env/dev/cljs"]...[0m
[32mSuccessfully compiled "target/cljsbuild/public/js/app.js" in 0.474 seconds.[0m
notifying browser that file changed:  target/cljsbuild/public/js/out/demo_rated/core.js
[0mCompiling "target/cljsbuild/public/js/app.js" from ["src/cljs" "src/cljc" "env/dev/cljs"]...[0m
[32mSuccessfully compiled "target/cljsbuild/public/js/app.js" in 0.503 seconds.[0m
notifying browser that file changed:  target/cljsbuild/public/js/out/demo_rated/core.js
[0mCompiling "target/cljsbuild/public/js/app.js" from ["src/cljs" "src/cljc" "env/dev/cljs"]...[0m
[32mSuccessfully compiled "target/cljsbuild/public/js/app.js" in 0.476 seconds.[0m
notifying browser that file changed:  target/cljsbuild/public/js/out/demo_rated/core.js
[0mCompiling "target/cljsbuild/public/js/app.js" from ["src/cljs" "src/cljc" "env/dev/cljs"]...[0m
[32mSuccessfully compiled "target/cljsbuild/public/js/app.js" in 0.487 seconds.[0m
notifying browser that file changed:  target/cljsbuild/public/js/out/demo_rated/core.js
[0mCompiling "target/cljsbuild/public/js/app.js" from ["src/cljs" "src/cljc" "env/dev/cljs"]...[0m
[32mSuccessfully compiled "target/cljsbuild/public/js/app.js" in 0.492 seconds.[0m
notifying browser that file changed:  target/cljsbuild/public/js/out/demo_rated/core.js
